#
# A fatal error has been detected by the Java Runtime Environment:
#
#  SIGSEGV (0xb) at pc=0x00007f1f2da490f5, pid=3526, tid=139771531654912
#
# JRE version: Java(TM) SE Runtime Environment (8.0_65-b17) (build 1.8.0_65-b17)
# Java VM: Java HotSpot(TM) 64-Bit Server VM (25.65-b01 mixed mode linux-amd64 compressed oops)
# Problematic frame:
# V  [libjvm.so+0x64c0f5]  InstanceKlass::oop_follow_contents(ParCompactionManager*, oopDesc*)+0x2d5
#
# Failed to write core dump. Core dumps have been disabled. To enable core dumping, try "ulimit -c unlimited" before starting Java again
#
# If you would like to submit a bug report, please visit:
#   http://bugreport.java.com/bugreport/crash.jsp
#

---------------  T H R E A D  ---------------

Current thread (0x00007f1f28021000):  GCTaskThread [stack: 0x00007f1f186e7000,0x00007f1f187e8000] [id=3530]

siginfo: si_signo: 11 (SIGSEGV), si_code: 128 (SI_KERNEL), si_addr: 0x0000000000000000

Registers:
RAX=0x00007f1f166e7000, RBX=0x0000000000800000, RCX=0x0000000000000000, RDX=0x007fffffffa04000
RSP=0x00007f1f187e6740, RBP=0x00007f1f187e67a0, RSI=0x0000000000000001, RDI=0x00007f1f2e3abe60
R8 =0x00000000c95298e0, R9 =0x2000000000000000, R10=0x000000000000000a, R11=0x00007f1f2e3a7dc0
R12=0x00007f1f2e3abde0, R13=0x00000000c9529898, R14=0x000000000000000a, R15=0x00007f1f28070db0
RIP=0x00007f1f2da490f5, EFLAGS=0x0000000000010206, CSGSFS=0x0000000000000033, ERR=0x0000000000000000
  TRAPNO=0x000000000000000d

Top of Stack: (sp=0x00007f1f187e6740)
0x00007f1f187e6740:   00000000c95298e0 00000000c9529870
0x00007f1f187e6750:   00000001002b24d8 00000001002b24e8
0x00007f1f187e6760:   00007f1f2e365808 00007f1f28070df0
0x00007f1f187e6770:   00000000c9529840 00007f1f2e3a7dc0
0x00007f1f187e6780:   00007f1f28070db0 00007f1f28070db0
0x00007f1f187e6790:   00007f1f28021550 00007f1f2df3e4e0
0x00007f1f187e67a0:   00007f1f187e6930 00007f1f2dd6e1c2
0x00007f1f187e67b0:   00000000c8bffffc 0000000100034988
0x00007f1f187e67c0:   00007f1f28070dc0 00007f1f187e68e0
0x00007f1f187e67d0:   00007f1f187e68b0 00007f1f187e6890
0x00007f1f187e67e0:   00007f1f187e6880 00007f1f187e6870
0x00007f1f187e67f0:   00007f1f187e6860 00007f1f187e6850
0x00007f1f187e6800:   0000000007af0000 00007f1f28070e70
0x00007f1f187e6810:   00007f1f187e6840 00007f1f2dd77a29
0x00007f1f187e6820:   00000000c8bc6368 0000000007ae306b
0x00007f1f187e6830:   00000000001ebc00 0000000007af0000
0x00007f1f187e6840:   00007f1f28070df0 00007f1f187e68f8
0x00007f1f187e6850:   00000000c8b46784 00007f1f2e365808
0x00007f1f187e6860:   00007f1f187e68e0 0000000000000058
0x00007f1f187e6870:   00000000c8bfffd0 00000000fd780000
0x00007f1f187e6880:   000000000000000b 00000000c8c39ca0
0x00007f1f187e6890:   00007f1f187e6960 00007f1f2dd7aa7b
0x00007f1f187e68a0:   00007f1f28022128 0000000000000000
0x00007f1f187e68b0:   00007f1f2ebc18a4 00007f1f187e68e0
0x00007f1f187e68c0:   00007f1f28070db0 00007f1f2efd8b98
0x00007f1f187e68d0:   00000000c00ccb68 00007f1f28070db0
0x00007f1f187e68e0:   00007f1f187e6910 00007f1f2dd7c28c
0x00007f1f187e68f0:   00007f1f28070db0 00000000c9529870
0x00007f1f187e6900:   00007f1f187e69f0 00007f1f280235f0
0x00007f1f187e6910:   00007f1f187e69f0 00007f1f28070db0
0x00007f1f187e6920:   00007f1f28021550 00007f1f2df3e4e0
0x00007f1f187e6930:   00007f1f187e6a30 00007f1f2dd53f58 

Instructions: (pc=0x00007f1f2da490f5)
0x00007f1f2da490d5:   49 8b 44 24 30 48 c1 ee 03 48 d3 ee 48 89 f2 89
0x00007f1f2da490e5:   f1 be 01 00 00 00 83 e1 3f 48 c1 ea 06 48 d3 e6
0x00007f1f2da490f5:   48 85 34 d0 75 95 48 8b 05 1e 7a 91 00 0f b6 10
0x00007f1f2da49105:   84 d2 0f 85 b3 01 00 00 48 8b 7b 08 8b 77 08 83 

Register to memory mapping:

RAX=0x00007f1f166e7000 is an unknown value
RBX=0x0000000000800000 is an unknown value
RCX=0x0000000000000000 is an unknown value
RDX=0x007fffffffa04000 is an unknown value
RSP=0x00007f1f187e6740 is an unknown value
RBP=0x00007f1f187e67a0 is an unknown value
RSI=0x0000000000000001 is an unknown value
RDI=0x00007f1f2e3abe60: <offset 0xfaee60> in /usr/lib/jvm/jdk1.8.0/jre/lib/amd64/server/libjvm.so at 0x00007f1f2d3fd000
R8 =0x00000000c95298e0 is pointing into object: 0x00000000c9529870
org.codehaus.groovy.runtime.metaclass.ClosureMetaClass 
 - klass: 'org/codehaus/groovy/runtime/metaclass/ClosureMetaClass'
R9 =0x2000000000000000 is an unknown value
R10=0x000000000000000a is an unknown value
R11=0x00007f1f2e3a7dc0: <offset 0xfaadc0> in /usr/lib/jvm/jdk1.8.0/jre/lib/amd64/server/libjvm.so at 0x00007f1f2d3fd000
R12=0x00007f1f2e3abde0: <offset 0xfaede0> in /usr/lib/jvm/jdk1.8.0/jre/lib/amd64/server/libjvm.so at 0x00007f1f2d3fd000
R13=0x00000000c9529898 is pointing into object: 0x00000000c9529870
org.codehaus.groovy.runtime.metaclass.ClosureMetaClass 
 - klass: 'org/codehaus/groovy/runtime/metaclass/ClosureMetaClass'
R14=0x000000000000000a is an unknown value
R15=0x00007f1f28070db0 is an unknown value


Stack: [0x00007f1f186e7000,0x00007f1f187e8000],  sp=0x00007f1f187e6740,  free space=1021k
Native frames: (J=compiled Java code, j=interpreted, Vv=VM code, C=native code)
V  [libjvm.so+0x64c0f5]  InstanceKlass::oop_follow_contents(ParCompactionManager*, oopDesc*)+0x2d5
V  [libjvm.so+0x9711c2]  ParCompactionManager::follow_marking_stacks()+0x232
V  [libjvm.so+0x956f58]  MarkFromRootsTask::do_it(GCTaskManager*, unsigned int)+0x88
V  [libjvm.so+0x5d3b8f]  GCTaskThread::run()+0x12f
V  [libjvm.so+0x91cb88]  java_start(Thread*)+0x108


---------------  P R O C E S S  ---------------

Java Threads: ( => current thread )
  0x00007f1ee0017000 JavaThread "Stdin handler" [_thread_blocked, id=5954, stack(0x00007f1eeeb86000,0x00007f1eeec87000)]
  0x00007f1edc010000 JavaThread "Daemon worker Thread 5" [_thread_blocked, id=5951, stack(0x00007f1eeed88000,0x00007f1eeee89000)]
  0x00007f1edc00f800 JavaThread "Cancel handler" [_thread_blocked, id=5950, stack(0x00007f1eef089000,0x00007f1eef18a000)]
  0x00007f1edc009800 JavaThread "Handler for socket connection from /127.0.0.1:52949 to /127.0.0.1:50360" [_thread_in_native, id=5949, stack(0x00007f1eeec87000,0x00007f1eeed88000)]
  0x00007f1ee4005000 JavaThread "Daemon Thread 5" [_thread_blocked, id=5948, stack(0x00007f1eef18a000,0x00007f1eef28b000)]
  0x000000000289a000 JavaThread "File lock request listener" [_thread_in_native, id=3559, stack(0x00007f1eedfa6000,0x00007f1eee0a7000)]
  0x00007f1f289f5800 JavaThread "Incoming local TCP Connector on port 52949" [_thread_in_native, id=3539, stack(0x00007f1eef28b000,0x00007f1eef38c000)]
  0x00007f1f280bc000 JavaThread "Service Thread" daemon [_thread_blocked, id=3537, stack(0x00007f1f14386000,0x00007f1f14487000)]
  0x00007f1f280b7000 JavaThread "C1 CompilerThread1" daemon [_thread_blocked, id=3536, stack(0x00007f1f14487000,0x00007f1f14588000)]
  0x00007f1f280b4000 JavaThread "C2 CompilerThread0" daemon [_thread_blocked, id=3535, stack(0x00007f1f14588000,0x00007f1f14689000)]
  0x00007f1f280b2800 JavaThread "Signal Dispatcher" daemon [_thread_blocked, id=3534, stack(0x00007f1f14689000,0x00007f1f1478a000)]
  0x00007f1f2807a800 JavaThread "Finalizer" daemon [_thread_blocked, id=3533, stack(0x00007f1f14e6c000,0x00007f1f14f6d000)]
  0x00007f1f28078800 JavaThread "Reference Handler" daemon [_thread_blocked, id=3532, stack(0x00007f1f14f6d000,0x00007f1f1506e000)]
  0x00007f1f2800a000 JavaThread "main" [_thread_blocked, id=3527, stack(0x00007f1f2eecf000,0x00007f1f2efd0000)]

Other Threads:
  0x00007f1f28073800 VMThread [stack: 0x00007f1f1506e000,0x00007f1f1516f000] [id=3531]
  0x00007f1f280be800 WatcherThread [stack: 0x00007f1f14285000,0x00007f1f14386000] [id=3538]

=>0x00007f1f28021000 (exited) GCTaskThread [stack: 0x00007f1f186e7000,0x00007f1f187e8000] [id=3530]

VM state:at safepoint (normal execution)

VM Mutex/Monitor currently owned by a thread:  ([mutex/lock_event])
[0x00007f1f280063a0] Threads_lock - owner thread: 0x00007f1f28073800
[0x00007f1f280068a0] Heap_lock - owner thread: 0x00007f1edc010000

Heap:
 PSYoungGen      total 307712K, used 265728K [0x00000000eab00000, 0x0000000100000000, 0x0000000100000000)
  eden space 265728K, 100% used [0x00000000eab00000,0x00000000fae80000,0x00000000fae80000)
  from space 41984K, 0% used [0x00000000fd700000,0x00000000fd700000,0x0000000100000000)
  to   space 41472K, 0% used [0x00000000fae80000,0x00000000fae80000,0x00000000fd700000)
 ParOldGen       total 176640K, used 164758K [0x00000000c0000000, 0x00000000cac80000, 0x00000000eab00000)
  object space 176640K, 93% used [0x00000000c0000000,0x00000000ca0e5928,0x00000000cac80000)
 Metaspace       used 111568K, capacity 122326K, committed 122540K, reserved 1150976K
  class space    used 16688K, capacity 20876K, committed 20908K, reserved 1048576K

Card table byte_map: [0x00007f1f18a3f000,0x00007f1f18c40000] byte_map_base: 0x00007f1f1843f000

Marking Bits: (ParMarkBitMap*) 0x00007f1f2e3abde0
 Begin Bits: [0x00007f1f166e7000, 0x00007f1f176e7000)
 End Bits:   [0x00007f1f176e7000, 0x00007f1f186e7000)

Polling page: 0x00007f1f2eff3000

CodeCache: size=245760Kb used=24651Kb max_used=24688Kb free=221108Kb
 bounds [0x00007f1f19000000, 0x00007f1f1a850000, 0x00007f1f28000000]
 total_blobs=8160 nmethods=7476 adapters=597
 compilation: enabled

Compilation events (10 events):
Event: 2000.282 Thread 0x00007f1f280b7000 9093       2       com.sun.tools.javac.parser.JavacParser::checkGenerics (41 bytes)
Event: 2000.282 Thread 0x00007f1f280b7000 nmethod 9093 0x00007f1f1a826a10 code [0x00007f1f1a826b80, 0x00007f1f1a826e68]
Event: 2000.282 Thread 0x00007f1f280b7000 9094       2       com.sun.tools.javac.parser.JavacParser::typeArguments (37 bytes)
Event: 2000.283 Thread 0x00007f1f280b7000 nmethod 9094 0x00007f1f1a826410 code [0x00007f1f1a8265a0, 0x00007f1f1a826858]
Event: 2000.283 Thread 0x00007f1f280b7000 9095       2       com.sun.tools.javac.parser.JavacParser::typeArguments (291 bytes)
Event: 2000.284 Thread 0x00007f1f280b7000 nmethod 9095 0x00007f1f1a8246d0 code [0x00007f1f1a8249e0, 0x00007f1f1a825728]
Event: 2000.284 Thread 0x00007f1f280b7000 9096       2       com.sun.tools.javac.tree.TreeMaker::TypeApply (20 bytes)
Event: 2000.284 Thread 0x00007f1f280b7000 nmethod 9096 0x00007f1f1a8242d0 code [0x00007f1f1a824440, 0x00007f1f1a824610]
Event: 2000.284 Thread 0x00007f1f280b7000 9097       2       com.sun.tools.javac.tree.JCTree$JCTypeApply::<init> (15 bytes)
Event: 2000.284 Thread 0x00007f1f280b7000 nmethod 9097 0x00007f1f1a8235d0 code [0x00007f1f1a823720, 0x00007f1f1a823890]

GC Heap History (10 events):
Event: 652.804 GC heap after
Heap after GC invocations=31 (full 5):
 PSYoungGen      total 306688K, used 25403K [0x00000000eab00000, 0x0000000100000000, 0x0000000100000000)
  eden space 266240K, 0% used [0x00000000eab00000,0x00000000eab00000,0x00000000faf00000)
  from space 40448K, 62% used [0x00000000fd880000,0x00000000ff14ecf8,0x0000000100000000)
  to   space 41472K, 0% used [0x00000000faf00000,0x00000000faf00000,0x00000000fd780000)
 ParOldGen       total 176640K, used 128530K [0x00000000c0000000, 0x00000000cac80000, 0x00000000eab00000)
  object space 176640K, 72% used [0x00000000c0000000,0x00000000c7d84b80,0x00000000cac80000)
 Metaspace       used 92722K, capacity 101538K, committed 101804K, reserved 1134592K
  class space    used 13823K, capacity 17213K, committed 17324K, reserved 1048576K
}
Event: 652.894 GC heap before
{Heap before GC invocations=32 (full 5):
 PSYoungGen      total 306688K, used 37480K [0x00000000eab00000, 0x0000000100000000, 0x0000000100000000)
  eden space 266240K, 4% used [0x00000000eab00000,0x00000000eb6cb590,0x00000000faf00000)
  from space 40448K, 62% used [0x00000000fd880000,0x00000000ff14ecf8,0x0000000100000000)
  to   space 41472K, 0% used [0x00000000faf00000,0x00000000faf00000,0x00000000fd780000)
 ParOldGen       total 176640K, used 128530K [0x00000000c0000000, 0x00000000cac80000, 0x00000000eab00000)
  object space 176640K, 72% used [0x00000000c0000000,0x00000000c7d84b80,0x00000000cac80000)
 Metaspace       used 92860K, capacity 101646K, committed 101804K, reserved 1134592K
  class space    used 13849K, capacity 17249K, committed 17324K, reserved 1048576K
Event: 652.924 GC heap after
Heap after GC invocations=32 (full 5):
 PSYoungGen      total 266752K, used 480K [0x00000000eab00000, 0x0000000100000000, 0x0000000100000000)
  eden space 266240K, 0% used [0x00000000eab00000,0x00000000eab00000,0x00000000faf00000)
  from space 512K, 93% used [0x00000000faf00000,0x00000000faf78000,0x00000000faf80000)
  to   space 41984K, 0% used [0x00000000fd700000,0x00000000fd700000,0x0000000100000000)
 ParOldGen       total 176640K, used 144094K [0x00000000c0000000, 0x00000000cac80000, 0x00000000eab00000)
  object space 176640K, 81% used [0x00000000c0000000,0x00000000c8cb7818,0x00000000cac80000)
 Metaspace       used 92860K, capacity 101646K, committed 101804K, reserved 1134592K
  class space    used 13849K, capacity 17249K, committed 17324K, reserved 1048576K
}
Event: 652.924 GC heap before
{Heap before GC invocations=33 (full 6):
 PSYoungGen      total 266752K, used 480K [0x00000000eab00000, 0x0000000100000000, 0x0000000100000000)
  eden space 266240K, 0% used [0x00000000eab00000,0x00000000eab00000,0x00000000faf00000)
  from space 512K, 93% used [0x00000000faf00000,0x00000000faf78000,0x00000000faf80000)
  to   space 41984K, 0% used [0x00000000fd700000,0x00000000fd700000,0x0000000100000000)
 ParOldGen       total 176640K, used 144094K [0x00000000c0000000, 0x00000000cac80000, 0x00000000eab00000)
  object space 176640K, 81% used [0x00000000c0000000,0x00000000c8cb7818,0x00000000cac80000)
 Metaspace       used 92860K, capacity 101646K, committed 101804K, reserved 1134592K
  class space    used 13849K, capacity 17249K, committed 17324K, reserved 1048576K
Event: 653.775 GC heap after
Heap after GC invocations=33 (full 6):
 PSYoungGen      total 266752K, used 0K [0x00000000eab00000, 0x0000000100000000, 0x0000000100000000)
  eden space 266240K, 0% used [0x00000000eab00000,0x00000000eab00000,0x00000000faf00000)
  from space 512K, 0% used [0x00000000faf00000,0x00000000faf00000,0x00000000faf80000)
  to   space 41984K, 0% used [0x00000000fd700000,0x00000000fd700000,0x0000000100000000)
 ParOldGen       total 176640K, used 143598K [0x00000000c0000000, 0x00000000cac80000, 0x00000000eab00000)
  object space 176640K, 81% used [0x00000000c0000000,0x00000000c8c3bba0,0x00000000cac80000)
 Metaspace       used 92860K, capacity 101646K, committed 101804K, reserved 1134592K
  class space    used 13849K, capacity 17249K, committed 17324K, reserved 1048576K
}
Event: 795.952 GC heap before
{Heap before GC invocations=34 (full 6):
 PSYoungGen      total 266752K, used 249217K [0x00000000eab00000, 0x0000000100000000, 0x0000000100000000)
  eden space 266240K, 93% used [0x00000000eab00000,0x00000000f9e605b0,0x00000000faf00000)
  from space 512K, 0% used [0x00000000faf00000,0x00000000faf00000,0x00000000faf80000)
  to   space 41984K, 0% used [0x00000000fd700000,0x00000000fd700000,0x0000000100000000)
 ParOldGen       total 176640K, used 143598K [0x00000000c0000000, 0x00000000cac80000, 0x00000000eab00000)
  object space 176640K, 81% used [0x00000000c0000000,0x00000000c8c3bba0,0x00000000cac80000)
 Metaspace       used 100278K, capacity 109976K, committed 110252K, reserved 1140736K
  class space    used 15029K, capacity 18807K, committed 18860K, reserved 1048576K
Event: 795.992 GC heap after
Heap after GC invocations=34 (full 6):
 PSYoungGen      total 307712K, used 21996K [0x00000000eab00000, 0x0000000100000000, 0x0000000100000000)
  eden space 265728K, 0% used [0x00000000eab00000,0x00000000eab00000,0x00000000fae80000)
  from space 41984K, 52% used [0x00000000fd700000,0x00000000fec7b158,0x0000000100000000)
  to   space 41472K, 0% used [0x00000000fae80000,0x00000000fae80000,0x00000000fd700000)
 ParOldGen       total 176640K, used 143606K [0x00000000c0000000, 0x00000000cac80000, 0x00000000eab00000)
  object space 176640K, 81% used [0x00000000c0000000,0x00000000c8c3dba0,0x00000000cac80000)
 Metaspace       used 100278K, capacity 109976K, committed 110252K, reserved 1140736K
  class space    used 15029K, capacity 18807K, committed 18860K, reserved 1048576K
}
Event: 795.992 GC heap before
{Heap before GC invocations=35 (full 7):
 PSYoungGen      total 307712K, used 21996K [0x00000000eab00000, 0x0000000100000000, 0x0000000100000000)
  eden space 265728K, 0% used [0x00000000eab00000,0x00000000eab00000,0x00000000fae80000)
  from space 41984K, 52% used [0x00000000fd700000,0x00000000fec7b158,0x0000000100000000)
  to   space 41472K, 0% used [0x00000000fae80000,0x00000000fae80000,0x00000000fd700000)
 ParOldGen       total 176640K, used 143606K [0x00000000c0000000, 0x00000000cac80000, 0x00000000eab00000)
  object space 176640K, 81% used [0x00000000c0000000,0x00000000c8c3dba0,0x00000000cac80000)
 Metaspace       used 100278K, capacity 109976K, committed 110252K, reserved 1140736K
  class space    used 15029K, capacity 18807K, committed 18860K, reserved 1048576K
Event: 796.667 GC heap after
Heap after GC invocations=35 (full 7):
 PSYoungGen      total 307712K, used 0K [0x00000000eab00000, 0x0000000100000000, 0x0000000100000000)
  eden space 265728K, 0% used [0x00000000eab00000,0x00000000eab00000,0x00000000fae80000)
  from space 41984K, 0% used [0x00000000fd700000,0x00000000fd700000,0x0000000100000000)
  to   space 41472K, 0% used [0x00000000fae80000,0x00000000fae80000,0x00000000fd700000)
 ParOldGen       total 176640K, used 164758K [0x00000000c0000000, 0x00000000cac80000, 0x00000000eab00000)
  object space 176640K, 93% used [0x00000000c0000000,0x00000000ca0e5928,0x00000000cac80000)
 Metaspace       used 100278K, capacity 109976K, committed 110252K, reserved 1140736K
  class space    used 15029K, capacity 18807K, committed 18860K, reserved 1048576K
}
Event: 2000.295 GC heap before
{Heap before GC invocations=36 (full 8):
 PSYoungGen      total 307712K, used 265728K [0x00000000eab00000, 0x0000000100000000, 0x0000000100000000)
  eden space 265728K, 100% used [0x00000000eab00000,0x00000000fae80000,0x00000000fae80000)
  from space 41984K, 0% used [0x00000000fd700000,0x00000000fd700000,0x0000000100000000)
  to   space 41472K, 0% used [0x00000000fae80000,0x00000000fae80000,0x00000000fd700000)
 ParOldGen       total 176640K, used 164758K [0x00000000c0000000, 0x00000000cac80000, 0x00000000eab00000)
  object space 176640K, 93% used [0x00000000c0000000,0x00000000ca0e5928,0x00000000cac80000)
 Metaspace       used 111568K, capacity 122326K, committed 122540K, reserved 1150976K
  class space    used 16688K, capacity 20876K, committed 20908K, reserved 1048576K

Deoptimization events (10 events):
Event: 1999.216 Thread 0x00007f1edc010000 Uncommon trap: reason=unstable_if action=reinterpret pc=0x00007f1f19d9d0d4 method=java.util.jar.Attributes$Name.isDigit(C)Z @ 3
Event: 1999.216 Thread 0x00007f1edc010000 Uncommon trap: reason=unstable_if action=reinterpret pc=0x00007f1f1a0382e8 method=java.util.jar.Attributes$Name.isDigit(C)Z @ 3
Event: 1999.216 Thread 0x00007f1edc010000 Uncommon trap: reason=unstable_if action=reinterpret pc=0x00007f1f193256ac method=java.util.jar.Attributes$Name.isDigit(C)Z @ 3
Event: 1999.218 Thread 0x00007f1edc010000 Uncommon trap: reason=unstable_if action=reinterpret pc=0x00007f1f19c42934 method=java.util.jar.Attributes$Name.isDigit(C)Z @ 3
Event: 1999.320 Thread 0x00007f1edc010000 Uncommon trap: reason=unstable_if action=reinterpret pc=0x00007f1f192ddbb8 method=java.util.regex.Pattern.sequence(Ljava/util/regex/Pattern$Node;)Ljava/util/regex/Pattern$Node; @ 201
Event: 1999.455 Thread 0x00007f1edc010000 Uncommon trap: reason=unstable_if action=reinterpret pc=0x00007f1f19c71dac method=java.lang.CharacterDataLatin1.digit(II)I @ 31
Event: 1999.461 Thread 0x00007f1edc010000 Uncommon trap: reason=unstable_if action=reinterpret pc=0x00007f1f19c719e8 method=java.lang.CharacterDataLatin1.digit(II)I @ 31
Event: 1999.531 Thread 0x00007f1edc010000 Uncommon trap: reason=unstable_if action=reinterpret pc=0x00007f1f19a51d00 method=java.lang.Integer.parseInt(Ljava/lang/String;I)I @ 122
Event: 1999.552 Thread 0x00007f1edc010000 Uncommon trap: reason=unstable_if action=reinterpret pc=0x00007f1f19469ae0 method=java.lang.CharacterDataLatin1.isWhitespace(I)Z @ 14
Event: 1999.894 Thread 0x00007f1edc010000 Uncommon trap: reason=unstable_if action=reinterpret pc=0x00007f1f19ef553c method=sun.nio.cs.UTF_8$Decoder.decodeArrayLoop(Ljava/nio/ByteBuffer;Ljava/nio/CharBuffer;)Ljava/nio/charset/CoderResult; @ 84

Internal exceptions (10 events):
Event: 1998.019 Thread 0x00007f1edc010000 Exception <a 'java/lang/ClassNotFoundException': com/android/builder/internal/ClassFieldImplCustomizer> (0x00000000f7b03360) thrown at [/HUDSON/workspace/8-2-build-linux-amd64/jdk8u65/4987/hotspot/src/share/vm/classfile/systemDictionary.cpp, line 210]
Event: 1998.062 Thread 0x00007f1edc010000 Exception <a 'java/lang/ClassNotFoundException': com/google/common/base/JoinerBeanInfo> (0x00000000f86d9e78) thrown at [/HUDSON/workspace/8-2-build-linux-amd64/jdk8u65/4987/hotspot/src/share/vm/classfile/systemDictionary.cpp, line 210]
Event: 1998.062 Thread 0x00007f1edc010000 Exception <a 'java/lang/ClassNotFoundException': com/google/common/base/JoinerCustomizer> (0x00000000f86e4c78) thrown at [/HUDSON/workspace/8-2-build-linux-amd64/jdk8u65/4987/hotspot/src/share/vm/classfile/systemDictionary.cpp, line 210]
Event: 1998.064 Thread 0x00007f1edc010000 Exception <a 'java/lang/ClassNotFoundException': com/android/build/gradle/tasks/ManifestProcessorTask$1BeanInfo> (0x00000000f8742d08) thrown at [/HUDSON/workspace/8-2-build-linux-amd64/jdk8u65/4987/hotspot/src/share/vm/classfile/systemDictionary.cpp, line
Event: 1998.064 Thread 0x00007f1edc010000 Exception <a 'java/lang/ClassNotFoundException': com/android/build/gradle/tasks/ManifestProcessorTask$1Customizer> (0x00000000f8750af8) thrown at [/HUDSON/workspace/8-2-build-linux-amd64/jdk8u65/4987/hotspot/src/share/vm/classfile/systemDictionary.cpp, li
Event: 1998.066 Thread 0x00007f1edc010000 Exception <a 'java/lang/ClassNotFoundException': com/google/common/collect/IterablesBeanInfo> (0x00000000f87873d0) thrown at [/HUDSON/workspace/8-2-build-linux-amd64/jdk8u65/4987/hotspot/src/share/vm/classfile/systemDictionary.cpp, line 210]
Event: 1998.066 Thread 0x00007f1edc010000 Exception <a 'java/lang/ClassNotFoundException': com/google/common/collect/IterablesCustomizer> (0x00000000f87930f0) thrown at [/HUDSON/workspace/8-2-build-linux-amd64/jdk8u65/4987/hotspot/src/share/vm/classfile/systemDictionary.cpp, line 210]
Event: 1998.074 Thread 0x00007f1edc010000 Exception <a 'java/lang/ClassNotFoundException': com/android/build/gradle/internal/dependency/SymbolFileProviderImplBeanInfo> (0x00000000f889b810) thrown at [/HUDSON/workspace/8-2-build-linux-amd64/jdk8u65/4987/hotspot/src/share/vm/classfile/systemDiction
Event: 1998.074 Thread 0x00007f1edc010000 Exception <a 'java/lang/ClassNotFoundException': com/android/build/gradle/internal/dependency/SymbolFileProviderImplCustomizer> (0x00000000f88abe28) thrown at [/HUDSON/workspace/8-2-build-linux-amd64/jdk8u65/4987/hotspot/src/share/vm/classfile/systemDicti
Event: 1998.204 Thread 0x00007f1edc010000 Exception <a 'java/lang/ClassNotFoundException': com/sun/tools/javac/api/JavacTool> (0x00000000f96ab308) thrown at [/HUDSON/workspace/8-2-build-linux-amd64/jdk8u65/4987/hotspot/src/share/vm/classfile/systemDictionary.cpp, line 210]

Events (10 events):
Event: 2000.248 Thread 0x00007f1edc010000 DEOPT UNPACKING pc=0x00007f1f19047233 sp=0x00007f1eeee84390 mode 0
Event: 2000.254 Thread 0x00007f1edc010000 DEOPT PACKING pc=0x00007f1f1a8102db sp=0x00007f1eeee84570
Event: 2000.254 Thread 0x00007f1edc010000 DEOPT UNPACKING pc=0x00007f1f19047233 sp=0x00007f1eeee84390 mode 0
Event: 2000.270 Thread 0x00007f1edc010000 DEOPT PACKING pc=0x00007f1f1a8102db sp=0x00007f1eeee84570
Event: 2000.270 Thread 0x00007f1edc010000 DEOPT UNPACKING pc=0x00007f1f19047233 sp=0x00007f1eeee84390 mode 0
Event: 2000.281 Thread 0x00007f1edc010000 DEOPT PACKING pc=0x00007f1f1a8102db sp=0x00007f1eeee84570
Event: 2000.281 Thread 0x00007f1edc010000 DEOPT UNPACKING pc=0x00007f1f19047233 sp=0x00007f1eeee84390 mode 0
Event: 2000.294 Thread 0x00007f1edc010000 DEOPT PACKING pc=0x00007f1f1a8102db sp=0x00007f1eeee84570
Event: 2000.294 Thread 0x00007f1edc010000 DEOPT UNPACKING pc=0x00007f1f19047233 sp=0x00007f1eeee84390 mode 0
Event: 2000.295 Executing VM operation: ParallelGCFailedAllocation


Dynamic libraries:
00400000-00401000 r-xp 00000000 08:01 800473                             /usr/lib/jvm/jdk1.8.0/bin/java
00600000-00601000 rw-p 00000000 08:01 800473                             /usr/lib/jvm/jdk1.8.0/bin/java
0244c000-035ae000 rw-p 00000000 00:00 0                                  [heap]
c0000000-cac80000 rw-p 00000000 00:00 0 
cac80000-eab00000 ---p 00000000 00:00 0 
eab00000-100000000 rw-p 00000000 00:00 0 
100000000-10146b000 rw-p 00000000 00:00 0 
10146b000-140000000 ---p 00000000 00:00 0 
7f1ed4000000-7f1ed4021000 rw-p 00000000 00:00 0 
7f1ed4021000-7f1ed8000000 ---p 00000000 00:00 0 
7f1ed8c00000-7f1ed8d40000 rw-p 00000000 00:00 0 
7f1ed8d40000-7f1ed8e00000 ---p 00000000 00:00 0 
7f1ed8e00000-7f1ed9000000 rw-p 00000000 00:00 0 
7f1ed9000000-7f1ed9200000 rw-p 00000000 00:00 0 
7f1ed9200000-7f1ed9400000 rw-p 00000000 00:00 0 
7f1ed9400000-7f1ed9600000 rw-p 00000000 00:00 0 
7f1ed9600000-7f1ed9800000 rw-p 00000000 00:00 0 
7f1ed9800000-7f1ed9a00000 rw-p 00000000 00:00 0 
7f1ed9a00000-7f1ed9c00000 rw-p 00000000 00:00 0 
7f1ed9c00000-7f1ed9e00000 rw-p 00000000 00:00 0 
7f1ed9e00000-7f1eda000000 rw-p 00000000 00:00 0 
7f1eda000000-7f1eda200000 rw-p 00000000 00:00 0 
7f1eda200000-7f1eda400000 rw-p 00000000 00:00 0 
7f1eda400000-7f1eda600000 rw-p 00000000 00:00 0 
7f1eda600000-7f1eda800000 rw-p 00000000 00:00 0 
7f1eda800000-7f1edaa00000 rw-p 00000000 00:00 0 
7f1edaa00000-7f1edac00000 rw-p 00000000 00:00 0 
7f1edac00000-7f1edae00000 rw-p 00000000 00:00 0 
7f1edae00000-7f1edb000000 rw-p 00000000 00:00 0 
7f1edb000000-7f1edb200000 rw-p 00000000 00:00 0 
7f1edb200000-7f1edb400000 rw-p 00000000 00:00 0 
7f1edb400000-7f1edb600000 rw-p 00000000 00:00 0 
7f1edb600000-7f1edb800000 rw-p 00000000 00:00 0 
7f1edb800000-7f1edba00000 rw-p 00000000 00:00 0 
7f1edba00000-7f1edbc00000 rw-p 00000000 00:00 0 
7f1edbc00000-7f1edbe00000 rw-p 00000000 00:00 0 
7f1edbe00000-7f1edc000000 rw-p 00000000 00:00 0 
7f1edc000000-7f1edc297000 rw-p 00000000 00:00 0 
7f1edc297000-7f1ee0000000 ---p 00000000 00:00 0 
7f1ee0000000-7f1ee1091000 rw-p 00000000 00:00 0 
7f1ee1091000-7f1ee4000000 ---p 00000000 00:00 0 
7f1ee4000000-7f1ee4037000 rw-p 00000000 00:00 0 
7f1ee4037000-7f1ee8000000 ---p 00000000 00:00 0 
7f1ee8000000-7f1ee8021000 rw-p 00000000 00:00 0 
7f1ee8021000-7f1eec000000 ---p 00000000 00:00 0 
7f1eec05e000-7f1eec05f000 rw-p 00000000 00:00 0 
7f1eec05f000-7f1eec069000 r--s 00040000 08:03 5387535                    /home/pardeep/Desktop/Drive_D/pardeep_data/AndroidStudioProjects/Maas/maas-new-commoncode/maas-user-commoncode/app/build/intermediates/exploded-aar/com.android.support/support-v4/23.0.1/jars/libs/internal_impl-23.0.1.jar
7f1eec069000-7f1eec06b000 r--s 0000c000 08:03 4212204                    /home/pardeep/Desktop/Drive_D/pardeep_data/AndroidStudioProjects/Maas/maas-new-commoncode/maas-user-commoncode/app/build/intermediates/exploded-aar/com.google.android.gms/play-services-gcm/7.8.0/jars/classes.jar
7f1eec06b000-7f1eec06d000 r--s 00003000 08:01 4457970                    /root/Android/Sdk/extras/android/m2repository/com/android/support/support-annotations/23.0.1/support-annotations-23.0.1.jar
7f1eec06d000-7f1eec074000 r--s 00033000 08:03 4600302                    /home/pardeep/Desktop/Drive_D/pardeep_data/AndroidStudioProjects/Maas/maas-new-commoncode/maas-user-commoncode/app/build/intermediates/exploded-aar/com.google.android.gms/play-services-location/7.8.0/jars/classes.jar
7f1eec074000-7f1eec07d000 r--s 00083000 08:03 4212181                    /home/pardeep/Desktop/Drive_D/pardeep_data/AndroidStudioProjects/Maas/maas-new-commoncode/maas-user-commoncode/app/build/intermediates/exploded-aar/com.android.support/appcompat-v7/23.0.1/jars/classes.jar
7f1eec07d000-7f1eec082000 r--s 0002f000 08:01 2129889                    /root/.gradle/caches/modules-2/files-2.1/com.google.code.gson/gson/2.3.1/ecb6e1f8e4b0e84c4b886c2f14a1500caf309757/gson-2.3.1.jar
7f1eec082000-7f1eec085000 r--s 0001b000 08:01 2130219                    /root/.gradle/caches/modules-2/files-2.1/com.squareup.picasso/picasso/2.5.2/7446d06ec8d4f7ffcc53f1da37c95f200dcb9387/picasso-2.5.2.jar
7f1eec085000-7f1eec089000 r--s 0001a000 08:01 2129884                    /root/.gradle/caches/modules-2/files-2.1/com.squareup.retrofit/retrofit/1.9.0/a681c044244d9fc375198588297a39ba78028423/retrofit-1.9.0.jar
7f1eec089000-7f1eec09e000 r--s 000c0000 08:03 3946514                    /home/pardeep/Desktop/Drive_D/pardeep_data/AndroidStudioProjects/Maas/maas-new-commoncode/maas-user-commoncode/app/build/intermediates/exploded-aar/com.google.android.gms/play-services-base/7.8.0/jars/classes.jar
7f1eec09e000-7f1eec0a2000 r--s 0003c000 08:01 2129885                    /root/.gradle/caches/modules-2/files-2.1/com.squareup.okhttp/okhttp/2.0.0/4c8d1536dba3812cc1592090dc20c47a4ed3c35e/okhttp-2.0.0.jar
7f1eec0a2000-7f1eec0a3000 r--s 0000c000 08:01 2129888                    /root/.gradle/caches/modules-2/files-2.1/com.squareup.okio/okio/1.0.0/2534c458682c73f5b9871131ab3098d3f987ca3/okio-1.0.0.jar
7f1eec0a3000-7f1eec0a5000 r--s 00006000 08:01 2129886                    /root/.gradle/caches/modules-2/files-2.1/com.squareup.okhttp/okhttp-urlconnection/2.0.0/afe8399d352713b66e597e9670c741d1e60ae923/okhttp-urlconnection-2.0.0.jar
7f1eec0a5000-7f1eec0aa000 r--s 00031000 08:03 4212183                    /home/pardeep/Desktop/Drive_D/pardeep_data/AndroidStudioProjects/Maas/maas-new-commoncode/maas-user-commoncode/app/build/intermediates/exploded-aar/com.android.support/design/23.0.1/jars/classes.jar
7f1eec0aa000-7f1eec0bf000 r--s 000d6000 08:03 5256984                    /home/pardeep/Desktop/Drive_D/pardeep_data/AndroidStudioProjects/Maas/maas-new-commoncode/maas-user-commoncode/app/build/intermediates/exploded-aar/com.android.support/support-v4/23.0.1/jars/classes.jar
7f1eec0bf000-7f1eec0c6000 r--s 0003b000 08:03 5126583                    /home/pardeep/Desktop/Drive_D/pardeep_data/AndroidStudioProjects/Maas/maas-new-commoncode/maas-user-commoncode/app/build/intermediates/exploded-aar/com.google.android.gms/play-services-maps/7.8.0/jars/classes.jar
7f1eec0c6000-7f1eec2c6000 rw-p 00000000 00:00 0 
7f1eec2c6000-7f1eec4c6000 rw-p 00000000 00:00 0 
7f1eec4c6000-7f1eec6c6000 rw-p 00000000 00:00 0 
7f1eec6c6000-7f1eec8c6000 rw-p 00000000 00:00 0 
7f1eec8c6000-7f1eecac6000 rw-p 00000000 00:00 0 
7f1eecac6000-7f1eeccc6000 rw-p 00000000 00:00 0 
7f1eeccc6000-7f1eecec6000 rw-p 00000000 00:00 0 
7f1eecec6000-7f1eeced8000 r--s 00345000 08:01 800668                     /usr/lib/jvm/jdk1.8.0/jre/lib/resources.jar
7f1eeced8000-7f1eed0d8000 rw-p 00000000 00:00 0 
7f1eed0d8000-7f1eed2d8000 rw-p 00000000 00:00 0 
7f1eed2d8000-7f1eed4d8000 rw-p 00000000 00:00 0 
7f1eed4d8000-7f1eed6d8000 rw-p 00000000 00:00 0 
7f1eed6d8000-7f1eed8d8000 rw-p 00000000 00:00 0 
7f1eed8d8000-7f1eed8e0000 r-xp 00000000 08:01 800774                     /usr/lib/jvm/jdk1.8.0/jre/lib/amd64/libmanagement.so
7f1eed8e0000-7f1eedae0000 ---p 00008000 08:01 800774                     /usr/lib/jvm/jdk1.8.0/jre/lib/amd64/libmanagement.so
7f1eedae0000-7f1eedae1000 rw-p 00008000 08:01 800774                     /usr/lib/jvm/jdk1.8.0/jre/lib/amd64/libmanagement.so
7f1eedae1000-7f1eedae9000 r--s 000a8000 08:05 5767903                    /home/pardeep/android-studio/gradle/m2repository/com/android/tools/external/lombok/lombok-ast/0.2.3/lombok-ast-0.2.3.jar
7f1eedae9000-7f1eedaeb000 r--s 0000d000 08:05 5767708                    /home/pardeep/android-studio/gradle/m2repository/commons-codec/commons-codec/1.4/commons-codec-1.4.jar
7f1eedaeb000-7f1eedaed000 r--s 0000d000 08:05 5767715                    /home/pardeep/android-studio/gradle/m2repository/commons-logging/commons-logging/1.1.1/commons-logging-1.1.1.jar
7f1eedaed000-7f1eedaf2000 r--s 00028000 08:05 5767739                    /home/pardeep/android-studio/gradle/m2repository/org/apache/httpcomponents/httpcore/4.1/httpcore-4.1.jar
7f1eedaf2000-7f1eedaf3000 r--s 00004000 08:01 2128599                    /root/.gradle/caches/modules-2/files-2.1/com.intellij/annotations/12.0/bbcf6448f6d40abe506e2c83b70a3e8bfd2b4539/annotations-12.0.jar
7f1eedaf3000-7f1eedaf4000 r--s 00004000 08:05 5767797                    /home/pardeep/android-studio/gradle/m2repository/org/ow2/asm/asm-analysis/5.0.3/asm-analysis-5.0.3.jar
7f1eedaf4000-7f1eedaf7000 r--s 0002d000 08:01 2130215                    /root/.gradle/caches/modules-2/files-2.1/com.android.tools.lint/lint-api/24.3.0/465cc06e193c3e90adaa0532e2b727f2c8d317fb/lint-api-24.3.0.jar
7f1eedaf7000-7f1eedaf8000 r--s 0000a000 08:05 5768055                    /home/pardeep/android-studio/gradle/m2repository/net/sf/kxml/kxml2/2.3.0/kxml2-2.3.0.jar
7f1eedaf8000-7f1eedb23000 r--s 001f9000 08:05 5767864                    /home/pardeep/android-studio/gradle/m2repository/com/google/guava/guava/17.0/guava-17.0.jar
7f1eedb23000-7f1eedb25000 r--s 00005000 08:05 5767732                    /home/pardeep/android-studio/gradle/m2repository/org/apache/httpcomponents/httpmime/4.1/httpmime-4.1.jar
7f1eedb25000-7f1eedb2d000 r--s 0004e000 08:05 5767748                    /home/pardeep/android-studio/gradle/m2repository/org/apache/httpcomponents/httpclient/4.1.1/httpclient-4.1.1.jar
7f1eedb2d000-7f1eedb34000 r--s 00053000 08:05 5767756                    /home/pardeep/android-studio/gradle/m2repository/org/apache/commons/commons-compress/1.8.1/commons-compress-1.8.1.jar
7f1eedb34000-7f1eedb39000 r--s 0002a000 08:05 5767857                    /home/pardeep/android-studio/gradle/m2repository/com/google/code/gson/gson/2.2.4/gson-2.2.4.jar
7f1eedb39000-7f1eedb3a000 r--s 00005000 08:01 2130216                    /root/.gradle/caches/modules-2/files-2.1/com.android.tools/dvlib/24.3.0/b43333da6d6aca584d885c74d4f770e084a2a8e5/dvlib-24.3.0.jar
7f1eedb3a000-7f1eedb3d000 r--s 00013000 08:01 2130214                    /root/.gradle/caches/modules-2/files-2.1/com.android.tools.layoutlib/layoutlib-api/24.3.0/32d5da758917384070b8299cd929681cb55a5e3c/layoutlib-api-24.3.0.jar
7f1eedb3d000-7f1eedb4d000 r--s 000d6000 08:01 2128592                    /root/.gradle/caches/modules-2/files-2.1/net.sf.proguard/proguard-base/5.2.1/4f61348b4e7c943b85679dcb697f3a5fc3101921/proguard-base-5.2.1.jar
7f1eedb4d000-7f1eedb5f000 r--s 00223000 08:01 2128590                    /root/.gradle/caches/modules-2/files-2.1/org.eclipse.jdt.core.compiler/ecj/4.4.2/71d67f5bab9465ec844596ef844f40902ae25392/ecj-4.4.2.jar
7f1eedb5f000-7f1eedb65000 r--s 0009f000 08:01 2130209                    /root/.gradle/caches/modules-2/files-2.1/com.android.tools.lint/lint-checks/24.3.0/602a942d5e44df0bba24d135e31b4173d1c9e91e/lint-checks-24.3.0.jar
7f1eedb65000-7f1eedb98000 r--s 00203000 08:05 5767780                    /home/pardeep/android-studio/gradle/m2repository/org/bouncycastle/bcprov-jdk15on/1.48/bcprov-jdk15on-1.48.jar
7f1eedb98000-7f1eedba6000 r--s 00081000 08:05 5767774                    /home/pardeep/android-studio/gradle/m2repository/org/bouncycastle/bcpkix-jdk15on/1.48/bcpkix-jdk15on-1.48.jar
7f1eedba6000-7f1eedda6000 rw-p 00000000 00:00 0 
7f1eedda6000-7f1eedfa6000 rw-p 00000000 00:00 0 
7f1eedfa6000-7f1eedfa9000 ---p 00000000 00:00 0 
7f1eedfa9000-7f1eee2a7000 rw-p 00000000 00:00 0                          [stack:3559]
7f1eee2a7000-7f1eee4a7000 rw-p 00000000 00:00 0 
7f1eee4a7000-7f1eee4a8000 r--s 00001000 08:01 2130213                    /root/.gradle/caches/modules-2/files-2.1/com.android.tools/annotations/24.3.0/b5713895ebb150aeaa086f871cc3a0f7c2f09a57/annotations-24.3.0.jar
7f1eee4a8000-7f1eee4a9000 r--s 00001000 08:01 2128586                    /root/.gradle/caches/modules-2/files-2.1/com.android.tools.jill/jill-api/0.9.0/9a83e898b15c853f6c92c74791064ca400cd3f3/jill-api-0.9.0.jar
7f1eee4a9000-7f1eee4ab000 r--s 00002000 08:01 2128585                    /root/.gradle/caches/modules-2/files-2.1/com.android.tools.jack/jack-api/0.9.0/6b474acfffc1e9d9e03df4ab3579b5fef852ed23/jack-api-0.9.0.jar
7f1eee4ab000-7f1eee4ad000 r--s 00006000 08:05 5767821                    /home/pardeep/android-studio/gradle/m2repository/org/ow2/asm/asm-tree/5.0.3/asm-tree-5.0.3.jar
7f1eee4ad000-7f1eee4ae000 r--s 0000c000 08:05 5767809                    /home/pardeep/android-studio/gradle/m2repository/org/ow2/asm/asm/5.0.3/asm-5.0.3.jar
7f1eee4ae000-7f1eee4b0000 r--s 00002000 08:05 5767846                    /home/pardeep/android-studio/gradle/m2repository/com/squareup/javawriter/2.5.0/javawriter-2.5.0.jar
7f1eee4b0000-7f1eee4b4000 r--s 00044000 08:01 2130212                    /root/.gradle/caches/modules-2/files-2.1/com.android.tools.ddms/ddmlib/24.3.0/e1b9241afbb3931f058675f0ef11adeca0fb126b/ddmlib-24.3.0.jar
7f1eee4b4000-7f1eee4b7000 r--s 00028000 08:01 2130211                    /root/.gradle/caches/modules-2/files-2.1/com.android.tools.build/manifest-merger/24.3.0/40f9e9071ee3db1427dd078ad3fae67ff9929e54/manifest-merger-24.3.0.jar
7f1eee4b7000-7f1eee4b9000 r--s 00015000 08:01 2130210                    /root/.gradle/caches/modules-2/files-2.1/com.android.tools/common/24.3.0/40ad2d87feed841210ff10d658c0883d7235a53b/common-24.3.0.jar
7f1eee4b9000-7f1eee4c0000 r--s 00068000 08:01 2130206                    /root/.gradle/caches/modules-2/files-2.1/com.android.tools/sdk-common/24.3.0/dedc0a81e08fb47224b4b9327983de70881c343c/sdk-common-24.3.0.jar
7f1eee4c0000-7f1eee4ca000 r--s 000ab000 08:01 2130208                    /root/.gradle/caches/modules-2/files-2.1/com.android.tools/sdklib/24.3.0/d334556703183b2d71fbf0c08a71ed36b9180cb0/sdklib-24.3.0.jar
7f1eee4ca000-7f1eee4cb000 r--s 00002000 08:01 2130207                    /root/.gradle/caches/modules-2/files-2.1/com.android.tools.build/builder-test-api/1.3.0/4f3e09152cf48603f05fc65fd65269f009f932d6/builder-test-api-1.3.0.jar
7f1eee4cb000-7f1eee4cc000 r--s 00005000 08:01 2130205                    /root/.gradle/caches/modules-2/files-2.1/com.android.tools.build/builder-model/1.3.0/72749ddffc6e19cb24a814864e47bbb6d17cd0ca/builder-model-1.3.0.jar
7f1eee4cc000-7f1eee4cf000 r--s 00020000 08:01 2130204                    /root/.gradle/caches/modules-2/files-2.1/com.android.tools.lint/lint/24.3.0/3b4b3b52ae016048f90ebb0413438d725d807b22/lint-24.3.0.jar
7f1eee4cf000-7f1eee4d5000 r--s 0003f000 08:01 2130202                    /root/.gradle/caches/modules-2/files-2.1/com.android.tools.build/builder/1.3.0/c9c23da9e569cc8a826ded472797700dc4607918/builder-1.3.0.jar
7f1eee4d5000-7f1eee6d5000 rw-p 00000000 00:00 0 
7f1eee6d5000-7f1eee6d8000 ---p 00000000 00:00 0 
7f1eee6d8000-7f1eee90e000 rw-p 00000000 00:00 0 
7f1eee90e000-7f1eeeb0e000 rw-p 00000000 00:00 0 
7f1eeeb0e000-7f1eeeb86000 r--s 010e3000 08:01 802173                     /usr/lib/jvm/jdk1.8.0/lib/tools.jar
7f1eeeb86000-7f1eeeb89000 ---p 00000000 00:00 0 
7f1eeeb89000-7f1eeec87000 rw-p 00000000 00:00 0                          [stack:5954]
7f1eeec87000-7f1eeec8a000 ---p 00000000 00:00 0 
7f1eeec8a000-7f1eeed88000 rw-p 00000000 00:00 0                          [stack:5949]
7f1eeed88000-7f1eeed8b000 ---p 00000000 00:00 0 
7f1eeed8b000-7f1eef089000 rw-p 00000000 00:00 0                          [stack:5951]
7f1eef089000-7f1eef08c000 ---p 00000000 00:00 0 
7f1eef08c000-7f1eef18a000 rw-p 00000000 00:00 0                          [stack:5950]
7f1eef18a000-7f1eef18d000 ---p 00000000 00:00 0 
7f1eef18d000-7f1eef28b000 rw-p 00000000 00:00 0                          [stack:5948]
7f1eef28b000-7f1eef28e000 ---p 00000000 00:00 0 
7f1eef28e000-7f1eef38c000 rw-p 00000000 00:00 0                          [stack:3539]
7f1eef38c000-7f1eef39d000 r-xp 00000000 08:01 800741                     /usr/lib/jvm/jdk1.8.0/jre/lib/amd64/libnio.so
7f1eef39d000-7f1eef59c000 ---p 00011000 08:01 800741                     /usr/lib/jvm/jdk1.8.0/jre/lib/amd64/libnio.so
7f1eef59c000-7f1eef59d000 rw-p 00010000 08:01 800741                     /usr/lib/jvm/jdk1.8.0/jre/lib/amd64/libnio.so
7f1eef59d000-7f1eef5b3000 r-xp 00000000 08:01 800752                     /usr/lib/jvm/jdk1.8.0/jre/lib/amd64/libnet.so
7f1eef5b3000-7f1eef7b3000 ---p 00016000 08:01 800752                     /usr/lib/jvm/jdk1.8.0/jre/lib/amd64/libnet.so
7f1eef7b3000-7f1eef7b4000 rw-p 00016000 08:01 800752                     /usr/lib/jvm/jdk1.8.0/jre/lib/amd64/libnet.so
7f1eef7b4000-7f1eef7ca000 r-xp 00000000 08:01 1188117                    /lib/x86_64-linux-gnu/libgcc_s.so.1
7f1eef7ca000-7f1eef9c9000 ---p 00016000 08:01 1188117                    /lib/x86_64-linux-gnu/libgcc_s.so.1
7f1eef9c9000-7f1eef9ca000 rw-p 00015000 08:01 1188117                    /lib/x86_64-linux-gnu/libgcc_s.so.1
7f1eef9ca000-7f1eefab0000 r-xp 00000000 08:01 789102                     /usr/lib/x86_64-linux-gnu/libstdc++.so.6.0.19
7f1eefab0000-7f1eefcaf000 ---p 000e6000 08:01 789102                     /usr/lib/x86_64-linux-gnu/libstdc++.so.6.0.19
7f1eefcaf000-7f1eefcb7000 r--p 000e5000 08:01 789102                     /usr/lib/x86_64-linux-gnu/libstdc++.so.6.0.19
7f1eefcb7000-7f1eefcb9000 rw-p 000ed000 08:01 789102                     /usr/lib/x86_64-linux-gnu/libstdc++.so.6.0.19
7f1eefcb9000-7f1eefcce000 rw-p 00000000 00:00 0 
7f1eefcce000-7f1eefccf000 r--s 00002000 08:01 2128576                    /root/.gradle/caches/modules-2/files-2.1/net.sf.proguard/proguard-gradle/5.2.1/5e9956c050fd84fa043517e77c4c0ff175a6b002/proguard-gradle-5.2.1.jar
7f1eefccf000-7f1eefce4000 r--s 00148000 08:01 2130203                    /root/.gradle/caches/modules-2/files-2.1/com.android.tools.build/gradle-core/1.3.0/2eebe183f05f7fac853c26e646fb40eb4b9e32de/gradle-core-1.3.0.jar
7f1eefce4000-7f1eefce6000 r--s 00012000 08:01 2130200                    /root/.gradle/caches/modules-2/files-2.1/com.android.tools.build/gradle/1.3.0/db203cf2a27d7900e7f4a8a262fd711e30be6713/gradle-1.3.0.jar
7f1eefce6000-7f1eefce7000 r--p 00000000 00:00 0 
7f1eefce7000-7f1eefcee000 r--s 00000000 08:01 1055743                    /usr/lib/x86_64-linux-gnu/gconv/gconv-modules.cache
7f1eefcee000-7f1eefcf2000 r-xp 00000000 08:01 2133557                    /tmp/native-platform1834138949742849818dir/libnative-platform.so
7f1eefcf2000-7f1eefef1000 ---p 00004000 08:01 2133557                    /tmp/native-platform1834138949742849818dir/libnative-platform.so
7f1eefef1000-7f1eefef2000 rw-p 00003000 08:01 2133557                    /tmp/native-platform1834138949742849818dir/libnative-platform.so
7f1eefef2000-7f1eefef7000 r--s 00096000 08:01 800584                     /usr/lib/jvm/jdk1.8.0/jre/lib/jsse.jar
7f1eefef7000-7f1eefef8000 r--s 00001000 08:01 1580490                    /root/.gradle/wrapper/dists/gradle-2.2.1-all/c64ydeuardnfqctvr1gm30w53/gradle-2.2.1/lib/plugins/gradle-plugin-development-2.2.1.jar
7f1eefef8000-7f1eefefa000 r--s 00002000 08:01 1580489                    /root/.gradle/wrapper/dists/gradle-2.2.1-all/c64ydeuardnfqctvr1gm30w53/gradle-2.2.1/lib/plugins/gradle-cunit-2.2.1.jar
7f1eefefa000-7f1eefeff000 r--s 00036000 08:01 1580488                    /root/.gradle/wrapper/dists/gradle-2.2.1-all/c64ydeuardnfqctvr1gm30w53/gradle-2.2.1/lib/plugins/gradle-ide-native-2.2.1.jar
7f1eefeff000-7f1eeff04000 r--s 00013000 08:01 1580487                    /root/.gradle/wrapper/dists/gradle-2.2.1-all/c64ydeuardnfqctvr1gm30w53/gradle-2.2.1/lib/plugins/gradle-language-native-2.2.1.jar
7f1eeff04000-7f1eeff0f000 r--s 0004d000 08:01 1580486                    /root/.gradle/wrapper/dists/gradle-2.2.1-all/c64ydeuardnfqctvr1gm30w53/gradle-2.2.1/lib/plugins/gradle-platform-native-2.2.1.jar
7f1eeff0f000-7f1eeff11000 r--s 00008000 08:01 1580485                    /root/.gradle/wrapper/dists/gradle-2.2.1-all/c64ydeuardnfqctvr1gm30w53/gradle-2.2.1/lib/plugins/gradle-language-groovy-2.2.1.jar
7f1eeff11000-7f1eeff16000 r--s 00022000 08:01 1580484                    /root/.gradle/wrapper/dists/gradle-2.2.1-all/c64ydeuardnfqctvr1gm30w53/gradle-2.2.1/lib/plugins/gradle-language-java-2.2.1.jar
7f1eeff16000-7f1eeff19000 r--s 00007000 08:01 1580483                    /root/.gradle/wrapper/dists/gradle-2.2.1-all/c64ydeuardnfqctvr1gm30w53/gradle-2.2.1/lib/plugins/gradle-language-jvm-2.2.1.jar
7f1eeff19000-7f1eeff1c000 r--s 00009000 08:01 1580482                    /root/.gradle/wrapper/dists/gradle-2.2.1-all/c64ydeuardnfqctvr1gm30w53/gradle-2.2.1/lib/plugins/gradle-platform-jvm-2.2.1.jar
7f1eeff1c000-7f1eeff21000 r--s 00018000 08:01 1580481                    /root/.gradle/wrapper/dists/gradle-2.2.1-all/c64ydeuardnfqctvr1gm30w53/gradle-2.2.1/lib/plugins/gradle-platform-base-2.2.1.jar
7f1eeff21000-7f1eeff26000 r--s 00026000 08:01 1580480                    /root/.gradle/wrapper/dists/gradle-2.2.1-all/c64ydeuardnfqctvr1gm30w53/gradle-2.2.1/lib/plugins/gradle-build-init-2.2.1.jar
7f1eeff26000-7f1eeff29000 r--s 0001d000 08:01 1580479                    /root/.gradle/wrapper/dists/gradle-2.2.1-all/c64ydeuardnfqctvr1gm30w53/gradle-2.2.1/lib/plugins/gradle-jacoco-2.2.1.jar
7f1eeff29000-7f1eeff2c000 r--s 0000d000 08:01 1580478                    /root/.gradle/wrapper/dists/gradle-2.2.1-all/c64ydeuardnfqctvr1gm30w53/gradle-2.2.1/lib/plugins/gradle-ivy-2.2.1.jar
7f1eeff2c000-7f1eeff2e000 r--s 00002000 08:01 1580477                    /root/.gradle/wrapper/dists/gradle-2.2.1-all/c64ydeuardnfqctvr1gm30w53/gradle-2.2.1/lib/plugins/gradle-publish-2.2.1.jar
7f1eeff2e000-7f1eeff30000 r--s 00005000 08:01 1580515                    /root/.gradle/wrapper/dists/gradle-2.2.1-all/c64ydeuardnfqctvr1gm30w53/gradle-2.2.1/lib/plugins/jatl-0.2.2.jar
7f1eeff30000-7f1eeff32000 r--s 0000f000 08:01 1580476                    /root/.gradle/wrapper/dists/gradle-2.2.1-all/c64ydeuardnfqctvr1gm30w53/gradle-2.2.1/lib/plugins/gradle-reporting-2.2.1.jar
7f1eeff32000-7f1eeff37000 r--s 00034000 08:01 1580475                    /root/.gradle/wrapper/dists/gradle-2.2.1-all/c64ydeuardnfqctvr1gm30w53/gradle-2.2.1/lib/plugins/gradle-diagnostics-2.2.1.jar
7f1eeff37000-7f1eeff3e000 r--s 00090000 08:01 1580474                    /root/.gradle/wrapper/dists/gradle-2.2.1-all/c64ydeuardnfqctvr1gm30w53/gradle-2.2.1/lib/plugins/gradle-build-comparison-2.2.1.jar
7f1eeff3e000-7f1eeff45000 r--s 00035000 08:01 1580514                    /root/.gradle/wrapper/dists/gradle-2.2.1-all/c64ydeuardnfqctvr1gm30w53/gradle-2.2.1/lib/plugins/simple-4.1.21.jar
7f1eeff45000-7f1eeff51000 r--s 00100000 08:01 1580512                    /root/.gradle/wrapper/dists/gradle-2.2.1-all/c64ydeuardnfqctvr1gm30w53/gradle-2.2.1/lib/plugins/rhino-1.7R3.jar
7f1eeff51000-7f1eeff56000 r--s 0001f000 08:01 1580473                    /root/.gradle/wrapper/dists/gradle-2.2.1-all/c64ydeuardnfqctvr1gm30w53/gradle-2.2.1/lib/plugins/gradle-javascript-2.2.1.jar
7f1eeff56000-7f1eeff58000 r--s 0000e000 08:01 1580472                    /root/.gradle/wrapper/dists/gradle-2.2.1-all/c64ydeuardnfqctvr1gm30w53/gradle-2.2.1/lib/plugins/gradle-ear-2.2.1.jar
7f1eeff58000-7f1eeff5c000 r--s 00025000 08:01 1580511                    /root/.gradle/wrapper/dists/gradle-2.2.1-all/c64ydeuardnfqctvr1gm30w53/gradle-2.2.1/lib/plugins/bcpg-jdk15-1.46.jar
7f1eeff5c000-7f1eeff5f000 r--s 0001d000 08:01 1580471                    /root/.gradle/wrapper/dists/gradle-2.2.1-all/c64ydeuardnfqctvr1gm30w53/gradle-2.2.1/lib/plugins/gradle-signing-2.2.1.jar
7f1eeff5f000-7f1eeff60000 r--s 00002000 08:01 1580510                    /root/.gradle/wrapper/dists/gradle-2.2.1-all/c64ydeuardnfqctvr1gm30w53/gradle-2.2.1/lib/plugins/sonar-batch-bootstrapper-2.9.jar
7f1eeff60000-7f1eeff63000 r--s 00018000 08:01 1580470                    /root/.gradle/wrapper/dists/gradle-2.2.1-all/c64ydeuardnfqctvr1gm30w53/gradle-2.2.1/lib/plugins/gradle-sonar-2.2.1.jar
7f1eeff63000-7f1eeff66000 r--s 00017000 08:01 1580469                    /root/.gradle/wrapper/dists/gradle-2.2.1-all/c64ydeuardnfqctvr1gm30w53/gradle-2.2.1/lib/plugins/gradle-scala-2.2.1.jar
7f1eeff66000-7f1eeff68000 r--s 0000e000 08:01 1580468                    /root/.gradle/wrapper/dists/gradle-2.2.1-all/c64ydeuardnfqctvr1gm30w53/gradle-2.2.1/lib/plugins/gradle-announce-2.2.1.jar
7f1eeff68000-7f1eeff76000 r--s 000bc000 08:01 1580467                    /root/.gradle/wrapper/dists/gradle-2.2.1-all/c64ydeuardnfqctvr1gm30w53/gradle-2.2.1/lib/plugins/gradle-ide-2.2.1.jar
7f1eeff76000-7f1eeff78000 r--s 00000000 08:01 1580509                    /root/.gradle/wrapper/dists/gradle-2.2.1-all/c64ydeuardnfqctvr1gm30w53/gradle-2.2.1/lib/plugins/plexus-component-annotations-1.5.2.jar
7f1eeff78000-7f1eeff7b000 r--s 0000c000 08:01 1580508                    /root/.gradle/wrapper/dists/gradle-2.2.1-all/c64ydeuardnfqctvr1gm30w53/gradle-2.2.1/lib/plugins/pmaven-groovy-0.8-20100325.jar
7f1eeff7b000-7f1eeff7c000 r--s 00004000 08:01 1580507                    /root/.gradle/wrapper/dists/gradle-2.2.1-all/c64ydeuardnfqctvr1gm30w53/gradle-2.2.1/lib/plugins/pmaven-common-0.8-20100325.jar
7f1eeff7c000-7f1eeff80000 r--s 0001e000 08:01 1580466                    /root/.gradle/wrapper/dists/gradle-2.2.1-all/c64ydeuardnfqctvr1gm30w53/gradle-2.2.1/lib/plugins/gradle-maven-2.2.1.jar
7f1eeff80000-7f1eeff98000 r--s 0013b000 08:01 1580505                    /root/.gradle/wrapper/dists/gradle-2.2.1-all/c64ydeuardnfqctvr1gm30w53/gradle-2.2.1/lib/plugins/bndlib-2.1.0.jar
7f1eeff98000-7f1eeff9a000 r--s 00004000 08:01 1580465                    /root/.gradle/wrapper/dists/gradle-2.2.1-all/c64ydeuardnfqctvr1gm30w53/gradle-2.2.1/lib/plugins/gradle-osgi-2.2.1.jar
7f1eeff9a000-7f1eeff9f000 r--s 00068000 08:01 1580504                    /root/.gradle/wrapper/dists/gradle-2.2.1-all/c64ydeuardnfqctvr1gm30w53/gradle-2.2.1/lib/plugins/antlr-2.7.7.jar
7f1eeff9f000-7f1eeffa0000 r--s 00002000 08:01 1580503                    /root/.gradle/wrapper/dists/gradle-2.2.1-all/c64ydeuardnfqctvr1gm30w53/gradle-2.2.1/lib/plugins/ant-antlr-1.9.3.jar
7f1eeffa0000-7f1eeffa2000 r--s 00004000 08:01 1580464                    /root/.gradle/wrapper/dists/gradle-2.2.1-all/c64ydeuardnfqctvr1gm30w53/gradle-2.2.1/lib/plugins/gradle-antlr-2.2.1.jar
7f1eeffa2000-7f1eeffa5000 r--s 0001e000 08:01 1580526                    /root/.gradle/wrapper/dists/gradle-2.2.1-all/c64ydeuardnfqctvr1gm30w53/gradle-2.2.1/lib/plugins/jsp-api-2.1-6.1.14.jar
7f1eeffa5000-7f1eeffc8000 r--s 00344000 08:01 1580525                    /root/.gradle/wrapper/dists/gradle-2.2.1-all/c64ydeuardnfqctvr1gm30w53/gradle-2.2.1/lib/plugins/core-3.1.1.jar
7f1eeffc8000-7f1eeffc9000 r--s 00006000 08:01 1580524                    /root/.gradle/wrapper/dists/gradle-2.2.1-all/c64ydeuardnfqctvr1gm30w53/gradle-2.2.1/lib/plugins/jetty-naming-6.1.25.jar
7f1eeffc9000-7f1eeffca000 r--s 00002000 08:01 1580502                    /root/.gradle/wrapper/dists/gradle-2.2.1-all/c64ydeuardnfqctvr1gm30w53/gradle-2.2.1/lib/plugins/geronimo-annotation_1.0_spec-1.0.jar
7f1eeffca000-7f1eeffcc000 r--s 00002000 08:01 1580501                    /root/.gradle/wrapper/dists/gradle-2.2.1-all/c64ydeuardnfqctvr1gm30w53/gradle-2.2.1/lib/plugins/jetty-annotations-6.1.25.jar
7f1eeffcc000-7f1eeffdd000 r--s 000ea000 08:01 1580500                    /root/.gradle/wrapper/dists/gradle-2.2.1-all/c64ydeuardnfqctvr1gm30w53/gradle-2.2.1/lib/plugins/jsp-2.1-6.1.14.jar
7f1eeffdd000-7f1eeffdf000 r--s 0000d000 08:01 1580499                    /root/.gradle/wrapper/dists/gradle-2.2.1-all/c64ydeuardnfqctvr1gm30w53/gradle-2.2.1/lib/plugins/jetty-plus-6.1.25.jar
7f1eeffdf000-7f1eeffe1000 r--s 0001f000 08:01 1580498                    /root/.gradle/wrapper/dists/gradle-2.2.1-all/c64ydeuardnfqctvr1gm30w53/gradle-2.2.1/lib/plugins/servlet-api-2.5-20081211.jar
7f1eeffe1000-7f1eeffe5000 r--s 00028000 08:01 1580497                    /root/.gradle/wrapper/dists/gradle-2.2.1-all/c64ydeuardnfqctvr1gm30w53/gradle-2.2.1/lib/plugins/jetty-util-6.1.25.jar
7f1eeffe5000-7f1eeffec000 r--s 0007d000 08:01 1580496                    /root/.gradle/wrapper/dists/gradle-2.2.1-all/c64ydeuardnfqctvr1gm30w53/gradle-2.2.1/lib/plugins/jetty-6.1.25.jar
7f1eeffec000-7f1eeffee000 r--s 00009000 08:01 1580463                    /root/.gradle/wrapper/dists/gradle-2.2.1-all/c64ydeuardnfqctvr1gm30w53/gradle-2.2.1/lib/plugins/gradle-jetty-2.2.1.jar
7f1eeffee000-7f1eefff3000 r--s 00041000 08:01 1580462                    /root/.gradle/wrapper/dists/gradle-2.2.1-all/c64ydeuardnfqctvr1gm30w53/gradle-2.2.1/lib/plugins/gradle-code-quality-2.2.1.jar
7f1eefff3000-7f1eefff5000 r--s 00009000 08:01 1580534                    /root/.gradle/wrapper/dists/gradle-2.2.1-all/c64ydeuardnfqctvr1gm30w53/gradle-2.2.1/lib/plugins/hamcrest-core-1.3.jar
7f1eefff5000-7f1eefffb000 r--s 00033000 08:01 1580523                    /root/.gradle/wrapper/dists/gradle-2.2.1-all/c64ydeuardnfqctvr1gm30w53/gradle-2.2.1/lib/plugins/snakeyaml-1.6.jar
7f1eefffb000-7f1ef0000000 r--s 00040000 08:01 1580521                    /root/.gradle/wrapper/dists/gradle-2.2.1-all/c64ydeuardnfqctvr1gm30w53/gradle-2.2.1/lib/plugins/bsh-2.0b4.jar
7f1ef0000000-7f1ef0d4e000 rw-p 00000000 00:00 0 
7f1ef0d4e000-7f1ef4000000 ---p 00000000 00:00 0 
7f1ef4000000-7f1ef4021000 rw-p 00000000 00:00 0 
7f1ef4021000-7f1ef8000000 ---p 00000000 00:00 0 
7f1ef8000000-7f1ef8021000 rw-p 00000000 00:00 0 
7f1ef8021000-7f1efc000000 ---p 00000000 00:00 0 
7f1efc000000-7f1efe6b2000 rw-p 00000000 00:00 0 
7f1efe6b2000-7f1f00000000 ---p 00000000 00:00 0 
7f1f00000000-7f1f00021000 rw-p 00000000 00:00 0 
7f1f00021000-7f1f04000000 ---p 00000000 00:00 0 
7f1f04000000-7f1f04021000 rw-p 00000000 00:00 0 
7f1f04021000-7f1f08000000 ---p 00000000 00:00 0 
7f1f08000000-7f1f082c8000 rw-p 00000000 00:00 0 
7f1f082c8000-7f1f0c000000 ---p 00000000 00:00 0 
7f1f0c000000-7f1f0c0ed000 rw-p 00000000 00:00 0 
7f1f0c0ed000-7f1f10000000 ---p 00000000 00:00 0 
7f1f10000000-7f1f10069000 rw-p 00000000 00:00 0 
7f1f10069000-7f1f14000000 ---p 00000000 00:00 0 
7f1f14000000-7f1f14002000 r--s 00006000 08:01 1580522                    /root/.gradle/wrapper/dists/gradle-2.2.1-all/c64ydeuardnfqctvr1gm30w53/gradle-2.2.1/lib/plugins/jcommander-1.12.jar
7f1f14002000-7f1f14004000 r--s 00009000 08:01 1580495                    /root/.gradle/wrapper/dists/gradle-2.2.1-all/c64ydeuardnfqctvr1gm30w53/gradle-2.2.1/lib/plugins/commons-cli-1.2.jar
7f1f14004000-7f1f1400d000 r--s 00089000 08:01 1580494                    /root/.gradle/wrapper/dists/gradle-2.2.1-all/c64ydeuardnfqctvr1gm30w53/gradle-2.2.1/lib/plugins/testng-6.3.1.jar
7f1f1400d000-7f1f14013000 r--s 00036000 08:01 1580493                    /root/.gradle/wrapper/dists/gradle-2.2.1-all/c64ydeuardnfqctvr1gm30w53/gradle-2.2.1/lib/plugins/junit-4.11.jar
7f1f14013000-7f1f1401f000 r--s 00075000 08:01 1580461                    /root/.gradle/wrapper/dists/gradle-2.2.1-all/c64ydeuardnfqctvr1gm30w53/gradle-2.2.1/lib/plugins/gradle-plugins-2.2.1.jar
7f1f1401f000-7f1f14022000 r--s 00011000 08:01 1580491                    /root/.gradle/wrapper/dists/gradle-2.2.1-all/c64ydeuardnfqctvr1gm30w53/gradle-2.2.1/lib/plugins/gradle-plugin-use-2.2.1.jar
7f1f14022000-7f1f1403a000 r--s 00115000 08:01 1580532                    /root/.gradle/wrapper/dists/gradle-2.2.1-all/c64ydeuardnfqctvr1gm30w53/gradle-2.2.1/lib/plugins/xercesImpl-2.9.1.jar
7f1f1403a000-7f1f14042000 r--s 00028000 08:01 1580533                    /root/.gradle/wrapper/dists/gradle-2.2.1-all/c64ydeuardnfqctvr1gm30w53/gradle-2.2.1/lib/plugins/xml-apis-1.3.04.jar
7f1f14042000-7f1f14048000 r--s 0005b000 08:01 1580531                    /root/.gradle/wrapper/dists/gradle-2.2.1-all/c64ydeuardnfqctvr1gm30w53/gradle-2.2.1/lib/plugins/jcifs-1.3.17.jar
7f1f14048000-7f1f1404e000 r--s 00031000 08:01 1580530                    /root/.gradle/wrapper/dists/gradle-2.2.1-all/c64ydeuardnfqctvr1gm30w53/gradle-2.2.1/lib/plugins/httpcore-4.2.2.jar
7f1f1404e000-7f1f14054000 r--s 00033000 08:01 1580529                    /root/.gradle/wrapper/dists/gradle-2.2.1-all/c64ydeuardnfqctvr1gm30w53/gradle-2.2.1/lib/plugins/commons-codec-1.6.jar
7f1f14054000-7f1f14057000 r--s 0001c000 08:01 1580528                    /root/.gradle/wrapper/dists/gradle-2.2.1-all/c64ydeuardnfqctvr1gm30w53/gradle-2.2.1/lib/plugins/nekohtml-1.9.14.jar
7f1f14057000-7f1f14060000 r--s 00060000 08:01 1580527                    /root/.gradle/wrapper/dists/gradle-2.2.1-all/c64ydeuardnfqctvr1gm30w53/gradle-2.2.1/lib/plugins/httpclient-4.2.2.jar
7f1f14060000-7f1f14062000 r--s 00007000 08:01 1580516                    /root/.gradle/wrapper/dists/gradle-2.2.1-all/c64ydeuardnfqctvr1gm30w53/gradle-2.2.1/lib/plugins/gradle-resources-http-2.2.1.jar
7f1f14062000-7f1f1408a000 r--s 00194000 08:01 1580520                    /root/.gradle/wrapper/dists/gradle-2.2.1-all/c64ydeuardnfqctvr1gm30w53/gradle-2.2.1/lib/plugins/bcprov-jdk15-1.46.jar
7f1f1408a000-7f1f1408e000 r--s 0001d000 08:01 1580519                    /root/.gradle/wrapper/dists/gradle-2.2.1-all/c64ydeuardnfqctvr1gm30w53/gradle-2.2.1/lib/plugins/xbean-reflect-3.4.jar
7f1f1408e000-7f1f14093000 r--s 0002a000 08:01 1580513                    /root/.gradle/wrapper/dists/gradle-2.2.1-all/c64ydeuardnfqctvr1gm30w53/gradle-2.2.1/lib/plugins/gson-2.2.4.jar
7f1f14093000-7f1f14097000 r--s 0003d000 08:01 1580518                    /root/.gradle/wrapper/dists/gradle-2.2.1-all/c64ydeuardnfqctvr1gm30w53/gradle-2.2.1/lib/plugins/jsch-0.1.51.jar
7f1f14097000-7f1f140b0000 r--s 00129000 08:01 1580506                    /root/.gradle/wrapper/dists/gradle-2.2.1-all/c64ydeuardnfqctvr1gm30w53/gradle-2.2.1/lib/plugins/maven-ant-tasks-2.1.3.jar
7f1f140b0000-7f1f140bf000 r--s 000d9000 08:01 1580517                    /root/.gradle/wrapper/dists/gradle-2.2.1-all/c64ydeuardnfqctvr1gm30w53/gradle-2.2.1/lib/plugins/ivy-2.2.0.jar
7f1f140bf000-7f1f140c3000 r--s 0001e000 08:01 1580460                    /root/.gradle/wrapper/dists/gradle-2.2.1-all/c64ydeuardnfqctvr1gm30w53/gradle-2.2.1/lib/plugins/jarjar-aether-impl-1.13.1.jar
7f1f140c3000-7f1f140c6000 r--s 00027000 08:01 1580459                    /root/.gradle/wrapper/dists/gradle-2.2.1-all/c64ydeuardnfqctvr1gm30w53/gradle-2.2.1/lib/plugins/jarjar-maven-model-3.0.4.jar
7f1f140c6000-7f1f140c9000 r--s 0000b000 08:01 1580458                    /root/.gradle/wrapper/dists/gradle-2.2.1-all/c64ydeuardnfqctvr1gm30w53/gradle-2.2.1/lib/plugins/jarjar-maven-artifact-3.0.4.jar
7f1f140c9000-7f1f140cd000 r--s 0001e000 08:01 1580457                    /root/.gradle/wrapper/dists/gradle-2.2.1-all/c64ydeuardnfqctvr1gm30w53/gradle-2.2.1/lib/plugins/jarjar-aether-util-1.13.1.jar
7f1f140cd000-7f1f140cf000 r--s 00007000 08:01 1580456                    /root/.gradle/wrapper/dists/gradle-2.2.1-all/c64ydeuardnfqctvr1gm30w53/gradle-2.2.1/lib/plugins/jarjar-wagon-http-shared4-2.4.jar
7f1f140cf000-7f1f140dc000 r--s 00083000 08:01 1580455                    /root/.gradle/wrapper/dists/gradle-2.2.1-all/c64ydeuardnfqctvr1gm30w53/gradle-2.2.1/lib/plugins/jarjar-maven-core-3.0.4.jar
7f1f140dc000-7f1f140de000 r--s 00003000 08:01 1580454                    /root/.gradle/wrapper/dists/gradle-2.2.1-all/c64ydeuardnfqctvr1gm30w53/gradle-2.2.1/lib/plugins/jarjar-aether-spi-1.13.1.jar
7f1f140de000-7f1f140e0000 r--s 00009000 08:01 1580453                    /root/.gradle/wrapper/dists/gradle-2.2.1-all/c64ydeuardnfqctvr1gm30w53/gradle-2.2.1/lib/plugins/jarjar-maven-settings-builder-3.0.4.jar
7f1f140e0000-7f1f140e4000 r--s 00014000 08:01 1580452                    /root/.gradle/wrapper/dists/gradle-2.2.1-all/c64ydeuardnfqctvr1gm30w53/gradle-2.2.1/lib/plugins/jarjar-aether-api-1.13.1.jar
7f1f140e4000-7f1f140e5000 r--s 00002000 08:01 1580451                    /root/.gradle/wrapper/dists/gradle-2.2.1-all/c64ydeuardnfqctvr1gm30w53/gradle-2.2.1/lib/plugins/jarjar-wagon-http-2.4.jar
7f1f140e5000-7f1f140ec000 r--s 00042000 08:01 1580450                    /root/.gradle/wrapper/dists/gradle-2.2.1-all/c64ydeuardnfqctvr1gm30w53/gradle-2.2.1/lib/plugins/jarjar-maven-compat-3.0.4.jar
7f1f140ec000-7f1f140ee000 r--s 00006000 08:01 1580449                    /root/.gradle/wrapper/dists/gradle-2.2.1-all/c64ydeuardnfqctvr1gm30w53/gradle-2.2.1/lib/plugins/jarjar-aether-connector-wagon-1.13.1.jar
7f1f140ee000-7f1f140f0000 r--s 00000000 08:01 1580448                    /root/.gradle/wrapper/dists/gradle-2.2.1-all/c64ydeuardnfqctvr1gm30w53/gradle-2.2.1/lib/plugins/jarjar-plexus-component-annotations-1.5.5.jar
7f1f140f0000-7f1f140f2000 r--s 00006000 08:01 1580447                    /root/.gradle/wrapper/dists/gradle-2.2.1-all/c64ydeuardnfqctvr1gm30w53/gradle-2.2.1/lib/plugins/jarjar-plexus-sec-dispatcher-1.3.jar
7f1f140f2000-7f1f140f7000 r--s 00022000 08:01 1580446                    /root/.gradle/wrapper/dists/gradle-2.2.1-all/c64ydeuardnfqctvr1gm30w53/gradle-2.2.1/lib/plugins/jarjar-maven-model-builder-3.0.4.jar
7f1f140f7000-7f1f140f9000 r--s 0000b000 08:01 1580445                    /root/.gradle/wrapper/dists/gradle-2.2.1-all/c64ydeuardnfqctvr1gm30w53/gradle-2.2.1/lib/plugins/jarjar-maven-plugin-api-3.0.4.jar
7f1f140f9000-7f1f140fc000 r--s 0000a000 08:01 1580444                    /root/.gradle/wrapper/dists/gradle-2.2.1-all/c64ydeuardnfqctvr1gm30w53/gradle-2.2.1/lib/plugins/jarjar-plexus-classworlds-2.4.jar
7f1f140fc000-7f1f14100000 r--s 00035000 08:01 1580443                    /root/.gradle/wrapper/dists/gradle-2.2.1-all/c64ydeuardnfqctvr1gm30w53/gradle-2.2.1/lib/plugins/jarjar-plexus-utils-2.0.6.jar
7f1f14100000-7f1f14102000 r--s 0000e000 08:01 1580442                    /root/.gradle/wrapper/dists/gradle-2.2.1-all/c64ydeuardnfqctvr1gm30w53/gradle-2.2.1/lib/plugins/jarjar-plexus-interpolation-1.14.jar
7f1f14102000-7f1f14104000 r--s 00002000 08:01 1580441                    /root/.gradle/wrapper/dists/gradle-2.2.1-all/c64ydeuardnfqctvr1gm30w53/gradle-2.2.1/lib/plugins/jarjar-plexus-cipher-1.7.jar
7f1f14104000-7f1f14106000 r--s 0000c000 08:01 1580440                    /root/.gradle/wrapper/dists/gradle-2.2.1-all/c64ydeuardnfqctvr1gm30w53/gradle-2.2.1/lib/plugins/jarjar-wagon-provider-api-2.4.jar
7f1f14106000-7f1f14108000 r--s 0000d000 08:01 1580439                    /root/.gradle/wrapper/dists/gradle-2.2.1-all/c64ydeuardnfqctvr1gm30w53/gradle-2.2.1/lib/plugins/jarjar-maven-aether-provider-3.0.4.jar
7f1f14108000-7f1f14110000 r--s 00031000 08:01 1580438                    /root/.gradle/wrapper/dists/gradle-2.2.1-all/c64ydeuardnfqctvr1gm30w53/gradle-2.2.1/lib/plugins/jarjar-plexus-container-default-1.5.5.jar
7f1f14110000-7f1f14111000 r--s 00007000 08:01 1580437                    /root/.gradle/wrapper/dists/gradle-2.2.1-all/c64ydeuardnfqctvr1gm30w53/gradle-2.2.1/lib/plugins/jarjar-maven-repository-metadata-3.0.4.jar
7f1f14111000-7f1f14112000 r--s 0000b000 08:01 1580436                    /root/.gradle/wrapper/dists/gradle-2.2.1-all/c64ydeuardnfqctvr1gm30w53/gradle-2.2.1/lib/plugins/jarjar-maven-settings-3.0.4.jar
7f1f14112000-7f1f1412a000 r--s 000b5000 08:01 1580492                    /root/.gradle/wrapper/dists/gradle-2.2.1-all/c64ydeuardnfqctvr1gm30w53/gradle-2.2.1/lib/plugins/gradle-dependency-management-2.2.1.jar
7f1f1412a000-7f1f1412b000 r--s 00005000 08:01 1580387                    /root/.gradle/wrapper/dists/gradle-2.2.1-all/c64ydeuardnfqctvr1gm30w53/gradle-2.2.1/lib/gradle-wrapper-2.2.1.jar
7f1f1412b000-7f1f14134000 r--s 0002c000 08:01 1580392                    /root/.gradle/wrapper/dists/gradle-2.2.1-all/c64ydeuardnfqctvr1gm30w53/gradle-2.2.1/lib/gradle-tooling-api-2.2.1.jar
7f1f14134000-7f1f14136000 r--s 00002000 08:01 1580416                    /root/.gradle/wrapper/dists/gradle-2.2.1-all/c64ydeuardnfqctvr1gm30w53/gradle-2.2.1/lib/gradle-open-api-2.2.1.jar
7f1f14136000-7f1f1413c000 r--s 00032000 08:01 1580418                    /root/.gradle/wrapper/dists/gradle-2.2.1-all/c64ydeuardnfqctvr1gm30w53/gradle-2.2.1/lib/jaxen-1.1.jar
7f1f1413c000-7f1f14141000 r--s 00048000 08:01 1580417                    /root/.gradle/wrapper/dists/gradle-2.2.1-all/c64ydeuardnfqctvr1gm30w53/gradle-2.2.1/lib/dom4j-1.6.1.jar
7f1f14141000-7f1f1414c000 r--s 00059000 08:01 1580391                    /root/.gradle/wrapper/dists/gradle-2.2.1-all/c64ydeuardnfqctvr1gm30w53/gradle-2.2.1/lib/gradle-ui-2.2.1.jar
7f1f1414c000-7f1f1414e000 r--s 00006000 08:01 1580412                    /root/.gradle/wrapper/dists/gradle-2.2.1-all/c64ydeuardnfqctvr1gm30w53/gradle-2.2.1/lib/gradle-resources-2.2.1.jar
7f1f1414e000-7f1f14150000 r--s 00007000 08:01 1580434                    /root/.gradle/wrapper/dists/gradle-2.2.1-all/c64ydeuardnfqctvr1gm30w53/gradle-2.2.1/lib/objenesis-1.2.jar
7f1f14150000-7f1f14152000 r--s 00000000 08:01 1580433                    /root/.gradle/wrapper/dists/gradle-2.2.1-all/c64ydeuardnfqctvr1gm30w53/gradle-2.2.1/lib/minlog-1.2.jar
7f1f14152000-7f1f14154000 r--s 0000f000 08:01 1580432                    /root/.gradle/wrapper/dists/gradle-2.2.1-all/c64ydeuardnfqctvr1gm30w53/gradle-2.2.1/lib/reflectasm-1.07-shaded.jar
7f1f14154000-7f1f14158000 r--s 00026000 08:01 1580423                    /root/.gradle/wrapper/dists/gradle-2.2.1-all/c64ydeuardnfqctvr1gm30w53/gradle-2.2.1/lib/kryo-2.20.jar
7f1f14158000-7f1f14161000 r--s 00039000 08:01 1580411                    /root/.gradle/wrapper/dists/gradle-2.2.1-all/c64ydeuardnfqctvr1gm30w53/gradle-2.2.1/lib/gradle-messaging-2.2.1.jar
7f1f14161000-7f1f14162000 r--s 00003000 08:01 1580431                    /root/.gradle/wrapper/dists/gradle-2.2.1-all/c64ydeuardnfqctvr1gm30w53/gradle-2.2.1/lib/native-platform-freebsd-amd64-0.10.jar
7f1f14162000-7f1f14163000 r--s 00003000 08:01 1580430                    /root/.gradle/wrapper/dists/gradle-2.2.1-all/c64ydeuardnfqctvr1gm30w53/gradle-2.2.1/lib/native-platform-freebsd-i386-0.10.jar
7f1f14163000-7f1f14164000 r--s 00005000 08:01 1580429                    /root/.gradle/wrapper/dists/gradle-2.2.1-all/c64ydeuardnfqctvr1gm30w53/gradle-2.2.1/lib/native-platform-windows-i386-0.10.jar
7f1f14164000-7f1f14165000 r--s 00005000 08:01 1580428                    /root/.gradle/wrapper/dists/gradle-2.2.1-all/c64ydeuardnfqctvr1gm30w53/gradle-2.2.1/lib/native-platform-windows-amd64-0.10.jar
7f1f14165000-7f1f14166000 r--s 00003000 08:01 1580427                    /root/.gradle/wrapper/dists/gradle-2.2.1-all/c64ydeuardnfqctvr1gm30w53/gradle-2.2.1/lib/native-platform-linux-i386-0.10.jar
7f1f14166000-7f1f14167000 r--s 00003000 08:01 1580426                    /root/.gradle/wrapper/dists/gradle-2.2.1-all/c64ydeuardnfqctvr1gm30w53/gradle-2.2.1/lib/native-platform-linux-amd64-0.10.jar
7f1f14167000-7f1f14168000 r--s 00002000 08:01 1580425                    /root/.gradle/wrapper/dists/gradle-2.2.1-all/c64ydeuardnfqctvr1gm30w53/gradle-2.2.1/lib/native-platform-osx-amd64-0.10.jar
7f1f14168000-7f1f14169000 r--s 00002000 08:01 1580424                    /root/.gradle/wrapper/dists/gradle-2.2.1-all/c64ydeuardnfqctvr1gm30w53/gradle-2.2.1/lib/native-platform-osx-i386-0.10.jar
7f1f14169000-7f1f1416b000 r--s 00008000 08:01 1580421                    /root/.gradle/wrapper/dists/gradle-2.2.1-all/c64ydeuardnfqctvr1gm30w53/gradle-2.2.1/lib/jansi-1.2.1.jar
7f1f1416b000-7f1f1416e000 r--s 0000d000 08:01 1580420                    /root/.gradle/wrapper/dists/gradle-2.2.1-all/c64ydeuardnfqctvr1gm30w53/gradle-2.2.1/lib/native-platform-0.10.jar
7f1f1416e000-7f1f14172000 r--s 000e4000 08:01 1580419                    /root/.gradle/wrapper/dists/gradle-2.2.1-all/c64ydeuardnfqctvr1gm30w53/gradle-2.2.1/lib/jna-3.2.7.jar
7f1f14172000-7f1f14174000 r--s 00008000 08:01 1580393                    /root/.gradle/wrapper/dists/gradle-2.2.1-all/c64ydeuardnfqctvr1gm30w53/gradle-2.2.1/lib/gradle-native-2.2.1.jar
7f1f14174000-7f1f14176000 r--s 00005000 08:01 1580390                    /root/.gradle/wrapper/dists/gradle-2.2.1-all/c64ydeuardnfqctvr1gm30w53/gradle-2.2.1/lib/gradle-cli-2.2.1.jar
7f1f14176000-7f1f14178000 r--s 00003000 08:01 1580410                    /root/.gradle/wrapper/dists/gradle-2.2.1-all/c64ydeuardnfqctvr1gm30w53/gradle-2.2.1/lib/gradle-base-services-groovy-2.2.1.jar
7f1f14178000-7f1f1417a000 r--s 0000a000 08:01 1580398                    /root/.gradle/wrapper/dists/gradle-2.2.1-all/c64ydeuardnfqctvr1gm30w53/gradle-2.2.1/lib/gradle-model-groovy-2.2.1.jar
7f1f1417a000-7f1f1417e000 r--s 0001b000 08:01 1580397                    /root/.gradle/wrapper/dists/gradle-2.2.1-all/c64ydeuardnfqctvr1gm30w53/gradle-2.2.1/lib/gradle-model-core-2.2.1.jar
7f1f1417e000-7f1f1417f000 r--s 00000000 08:01 1580413                    /root/.gradle/wrapper/dists/gradle-2.2.1-all/c64ydeuardnfqctvr1gm30w53/gradle-2.2.1/lib/gradle-docs-2.2.1.jar
7f1f1417f000-7f1f14181000 r--s 00003000 08:01 1580415                    /root/.gradle/wrapper/dists/gradle-2.2.1-all/c64ydeuardnfqctvr1gm30w53/gradle-2.2.1/lib/jcl-over-slf4j-1.7.7.jar
7f1f14181000-7f1f14184000 r--s 0001b000 08:01 1580408                    /root/.gradle/wrapper/dists/gradle-2.2.1-all/c64ydeuardnfqctvr1gm30w53/gradle-2.2.1/lib/jarjar-1.3.jar
7f1f14184000-7f1f1418a000 r--s 0003b000 08:01 1580405                    /root/.gradle/wrapper/dists/gradle-2.2.1-all/c64ydeuardnfqctvr1gm30w53/gradle-2.2.1/lib/logback-classic-1.0.13.jar
7f1f1418a000-7f1f14194000 r--s 0005d000 08:01 1580404                    /root/.gradle/wrapper/dists/gradle-2.2.1-all/c64ydeuardnfqctvr1gm30w53/gradle-2.2.1/lib/logback-core-1.0.13.jar
7f1f14194000-7f1f141a2000 r--s 0007f000 08:01 1580401                    /root/.gradle/wrapper/dists/gradle-2.2.1-all/c64ydeuardnfqctvr1gm30w53/gradle-2.2.1/lib/commons-collections-3.2.1.jar
7f1f141a2000-7f1f1420d000 r--s 00685000 08:01 1580396                    /root/.gradle/wrapper/dists/gradle-2.2.1-all/c64ydeuardnfqctvr1gm30w53/gradle-2.2.1/lib/groovy-all-2.3.6.jar
7f1f1420d000-7f1f14235000 r--s 001cf000 08:01 1580395                    /root/.gradle/wrapper/dists/gradle-2.2.1-all/c64ydeuardnfqctvr1gm30w53/gradle-2.2.1/lib/guava-jdk5-17.0.jar
7f1f14235000-7f1f14254000 r--s 001cc000 08:01 1580400                    /root/.gradle/wrapper/dists/gradle-2.2.1-all/c64ydeuardnfqctvr1gm30w53/gradle-2.2.1/lib/ant-1.9.3.jar
7f1f14254000-7f1f14285000 r--s 00191000 08:01 1580389                    /root/.gradle/wrapper/dists/gradle-2.2.1-all/c64ydeuardnfqctvr1gm30w53/gradle-2.2.1/lib/gradle-core-2.2.1.jar
7f1f14285000-7f1f14286000 ---p 00000000 00:00 0 
7f1f14286000-7f1f14386000 rw-p 00000000 00:00 0                          [stack:3538]
7f1f14386000-7f1f14389000 ---p 00000000 00:00 0 
7f1f14389000-7f1f14487000 rw-p 00000000 00:00 0                          [stack:3537]
7f1f14487000-7f1f1448a000 ---p 00000000 00:00 0 
7f1f1448a000-7f1f14588000 rw-p 00000000 00:00 0                          [stack:3536]
7f1f14588000-7f1f1458b000 ---p 00000000 00:00 0 
7f1f1458b000-7f1f14689000 rw-p 00000000 00:00 0                          [stack:3535]
7f1f14689000-7f1f1468c000 ---p 00000000 00:00 0 
7f1f1468c000-7f1f1478a000 rw-p 00000000 00:00 0                          [stack:3534]
7f1f1478a000-7f1f14e6c000 r--p 00000000 08:01 793991                     /usr/lib/locale/locale-archive
7f1f14e6c000-7f1f14e6f000 ---p 00000000 00:00 0 
7f1f14e6f000-7f1f14f6d000 rw-p 00000000 00:00 0                          [stack:3533]
7f1f14f6d000-7f1f14f70000 ---p 00000000 00:00 0 
7f1f14f70000-7f1f1506e000 rw-p 00000000 00:00 0                          [stack:3532]
7f1f1506e000-7f1f1506f000 ---p 00000000 00:00 0 
7f1f1506f000-7f1f15a99000 rw-p 00000000 00:00 0                          [stack:3531]
7f1f15a99000-7f1f15c71000 r--s 03d20000 08:01 800785                     /usr/lib/jvm/jdk1.8.0/jre/lib/rt.jar
7f1f15c71000-7f1f186e7000 rw-p 00000000 00:00 0 
7f1f186e7000-7f1f186e8000 ---p 00000000 00:00 0 
7f1f186e8000-7f1f187e8000 rw-p 00000000 00:00 0                          [stack:3530]
7f1f187e8000-7f1f187e9000 ---p 00000000 00:00 0 
7f1f187e9000-7f1f18940000 rw-p 00000000 00:00 0                          [stack:3529]
7f1f18940000-7f1f18a3f000 ---p 00000000 00:00 0 
7f1f18a3f000-7f1f18a96000 rw-p 00000000 00:00 0 
7f1f18a96000-7f1f18b94000 ---p 00000000 00:00 0 
7f1f18b94000-7f1f18c3f000 rw-p 00000000 00:00 0 
7f1f18c3f000-7f1f18ca2000 rw-p 00000000 00:00 0 
7f1f18ca2000-7f1f19000000 ---p 00000000 00:00 0 
7f1f19000000-7f1f1a850000 rwxp 00000000 00:00 0 
7f1f1a850000-7f1f28000000 ---p 00000000 00:00 0 
7f1f28000000-7f1f28a1c000 rw-p 00000000 00:00 0 
7f1f28a1c000-7f1f2c000000 ---p 00000000 00:00 0 
7f1f2c000000-7f1f2c001000 r--s 00005000 08:01 1580414                    /root/.gradle/wrapper/dists/gradle-2.2.1-all/c64ydeuardnfqctvr1gm30w53/gradle-2.2.1/lib/log4j-over-slf4j-1.7.7.jar
7f1f2c001000-7f1f2c002000 r--s 00000000 08:01 1580409                    /root/.gradle/wrapper/dists/gradle-2.2.1-all/c64ydeuardnfqctvr1gm30w53/gradle-2.2.1/lib/javax.inject-1.jar
7f1f2c002000-7f1f2c004000 r--s 00000000 08:01 1580407                    /root/.gradle/wrapper/dists/gradle-2.2.1-all/c64ydeuardnfqctvr1gm30w53/gradle-2.2.1/lib/jul-to-slf4j-1.7.7.jar
7f1f2c004000-7f1f2c009000 r--s 00041000 08:01 1580403                    /root/.gradle/wrapper/dists/gradle-2.2.1-all/c64ydeuardnfqctvr1gm30w53/gradle-2.2.1/lib/commons-lang-2.6.jar
7f1f2c009000-7f1f2c00c000 r--s 00018000 08:01 1580402                    /root/.gradle/wrapper/dists/gradle-2.2.1-all/c64ydeuardnfqctvr1gm30w53/gradle-2.2.1/lib/commons-io-1.4.jar
7f1f2c00c000-7f1f2c011000 r--s 00036000 08:01 1580399                    /root/.gradle/wrapper/dists/gradle-2.2.1-all/c64ydeuardnfqctvr1gm30w53/gradle-2.2.1/lib/asm-all-5.0.3.jar
7f1f2c011000-7f1f2c013000 r--s 00006000 08:01 1580394                    /root/.gradle/wrapper/dists/gradle-2.2.1-all/c64ydeuardnfqctvr1gm30w53/gradle-2.2.1/lib/slf4j-api-1.7.7.jar
7f1f2c013000-7f1f2c01b000 r--s 0003c000 08:01 1580386                    /root/.gradle/wrapper/dists/gradle-2.2.1-all/c64ydeuardnfqctvr1gm30w53/gradle-2.2.1/lib/gradle-launcher-2.2.1.jar
7f1f2c01b000-7f1f2c05d000 rw-p 00000000 00:00 0 
7f1f2c05d000-7f1f2c077000 r-xp 00000000 08:01 800762                     /usr/lib/jvm/jdk1.8.0/jre/lib/amd64/libzip.so
7f1f2c077000-7f1f2c277000 ---p 0001a000 08:01 800762                     /usr/lib/jvm/jdk1.8.0/jre/lib/amd64/libzip.so
7f1f2c277000-7f1f2c278000 rw-p 0001a000 08:01 800762                     /usr/lib/jvm/jdk1.8.0/jre/lib/amd64/libzip.so
7f1f2c278000-7f1f2c283000 r-xp 00000000 08:01 1188120                    /lib/x86_64-linux-gnu/libnss_files-2.19.so
7f1f2c283000-7f1f2c482000 ---p 0000b000 08:01 1188120                    /lib/x86_64-linux-gnu/libnss_files-2.19.so
7f1f2c482000-7f1f2c483000 r--p 0000a000 08:01 1188120                    /lib/x86_64-linux-gnu/libnss_files-2.19.so
7f1f2c483000-7f1f2c484000 rw-p 0000b000 08:01 1188120                    /lib/x86_64-linux-gnu/libnss_files-2.19.so
7f1f2c484000-7f1f2c48f000 r-xp 00000000 08:01 1188140                    /lib/x86_64-linux-gnu/libnss_nis-2.19.so
7f1f2c48f000-7f1f2c68e000 ---p 0000b000 08:01 1188140                    /lib/x86_64-linux-gnu/libnss_nis-2.19.so
7f1f2c68e000-7f1f2c68f000 r--p 0000a000 08:01 1188140                    /lib/x86_64-linux-gnu/libnss_nis-2.19.so
7f1f2c68f000-7f1f2c690000 rw-p 0000b000 08:01 1188140                    /lib/x86_64-linux-gnu/libnss_nis-2.19.so
7f1f2c690000-7f1f2c6a7000 r-xp 00000000 08:01 1188129                    /lib/x86_64-linux-gnu/libnsl-2.19.so
7f1f2c6a7000-7f1f2c8a6000 ---p 00017000 08:01 1188129                    /lib/x86_64-linux-gnu/libnsl-2.19.so
7f1f2c8a6000-7f1f2c8a7000 r--p 00016000 08:01 1188129                    /lib/x86_64-linux-gnu/libnsl-2.19.so
7f1f2c8a7000-7f1f2c8a8000 rw-p 00017000 08:01 1188129                    /lib/x86_64-linux-gnu/libnsl-2.19.so
7f1f2c8a8000-7f1f2c8aa000 rw-p 00000000 00:00 0 
7f1f2c8aa000-7f1f2c8b3000 r-xp 00000000 08:01 1188128                    /lib/x86_64-linux-gnu/libnss_compat-2.19.so
7f1f2c8b3000-7f1f2cab2000 ---p 00009000 08:01 1188128                    /lib/x86_64-linux-gnu/libnss_compat-2.19.so
7f1f2cab2000-7f1f2cab3000 r--p 00008000 08:01 1188128                    /lib/x86_64-linux-gnu/libnss_compat-2.19.so
7f1f2cab3000-7f1f2cab4000 rw-p 00009000 08:01 1188128                    /lib/x86_64-linux-gnu/libnss_compat-2.19.so
7f1f2cab4000-7f1f2cade000 r-xp 00000000 08:01 800757                     /usr/lib/jvm/jdk1.8.0/jre/lib/amd64/libjava.so
7f1f2cade000-7f1f2ccde000 ---p 0002a000 08:01 800757                     /usr/lib/jvm/jdk1.8.0/jre/lib/amd64/libjava.so
7f1f2ccde000-7f1f2cce0000 rw-p 0002a000 08:01 800757                     /usr/lib/jvm/jdk1.8.0/jre/lib/amd64/libjava.so
7f1f2cce0000-7f1f2cced000 r-xp 00000000 08:01 800725                     /usr/lib/jvm/jdk1.8.0/jre/lib/amd64/libverify.so
7f1f2cced000-7f1f2ceed000 ---p 0000d000 08:01 800725                     /usr/lib/jvm/jdk1.8.0/jre/lib/amd64/libverify.so
7f1f2ceed000-7f1f2ceef000 rw-p 0000d000 08:01 800725                     /usr/lib/jvm/jdk1.8.0/jre/lib/amd64/libverify.so
7f1f2ceef000-7f1f2cef6000 r-xp 00000000 08:01 1188137                    /lib/x86_64-linux-gnu/librt-2.19.so
7f1f2cef6000-7f1f2d0f5000 ---p 00007000 08:01 1188137                    /lib/x86_64-linux-gnu/librt-2.19.so
7f1f2d0f5000-7f1f2d0f6000 r--p 00006000 08:01 1188137                    /lib/x86_64-linux-gnu/librt-2.19.so
7f1f2d0f6000-7f1f2d0f7000 rw-p 00007000 08:01 1188137                    /lib/x86_64-linux-gnu/librt-2.19.so
7f1f2d0f7000-7f1f2d1fc000 r-xp 00000000 08:01 1188119                    /lib/x86_64-linux-gnu/libm-2.19.so
7f1f2d1fc000-7f1f2d3fb000 ---p 00105000 08:01 1188119                    /lib/x86_64-linux-gnu/libm-2.19.so
7f1f2d3fb000-7f1f2d3fc000 r--p 00104000 08:01 1188119                    /lib/x86_64-linux-gnu/libm-2.19.so
7f1f2d3fc000-7f1f2d3fd000 rw-p 00105000 08:01 1188119                    /lib/x86_64-linux-gnu/libm-2.19.so
7f1f2d3fd000-7f1f2e0bb000 r-xp 00000000 08:01 800749                     /usr/lib/jvm/jdk1.8.0/jre/lib/amd64/server/libjvm.so
7f1f2e0bb000-7f1f2e2ba000 ---p 00cbe000 08:01 800749                     /usr/lib/jvm/jdk1.8.0/jre/lib/amd64/server/libjvm.so
7f1f2e2ba000-7f1f2e392000 rw-p 00cbd000 08:01 800749                     /usr/lib/jvm/jdk1.8.0/jre/lib/amd64/server/libjvm.so
7f1f2e392000-7f1f2e3d7000 rw-p 00000000 00:00 0 
7f1f2e3d7000-7f1f2e592000 r-xp 00000000 08:01 1188134                    /lib/x86_64-linux-gnu/libc-2.19.so
7f1f2e592000-7f1f2e791000 ---p 001bb000 08:01 1188134                    /lib/x86_64-linux-gnu/libc-2.19.so
7f1f2e791000-7f1f2e795000 r--p 001ba000 08:01 1188134                    /lib/x86_64-linux-gnu/libc-2.19.so
7f1f2e795000-7f1f2e797000 rw-p 001be000 08:01 1188134                    /lib/x86_64-linux-gnu/libc-2.19.so
7f1f2e797000-7f1f2e79c000 rw-p 00000000 00:00 0 
7f1f2e79c000-7f1f2e79f000 r-xp 00000000 08:01 1188123                    /lib/x86_64-linux-gnu/libdl-2.19.so
7f1f2e79f000-7f1f2e99e000 ---p 00003000 08:01 1188123                    /lib/x86_64-linux-gnu/libdl-2.19.so
7f1f2e99e000-7f1f2e99f000 r--p 00002000 08:01 1188123                    /lib/x86_64-linux-gnu/libdl-2.19.so
7f1f2e99f000-7f1f2e9a0000 rw-p 00003000 08:01 1188123                    /lib/x86_64-linux-gnu/libdl-2.19.so
7f1f2e9a0000-7f1f2e9b5000 r-xp 00000000 08:01 802170                     /usr/lib/jvm/jdk1.8.0/lib/amd64/jli/libjli.so
7f1f2e9b5000-7f1f2ebb5000 ---p 00015000 08:01 802170                     /usr/lib/jvm/jdk1.8.0/lib/amd64/jli/libjli.so
7f1f2ebb5000-7f1f2ebb6000 rw-p 00015000 08:01 802170                     /usr/lib/jvm/jdk1.8.0/lib/amd64/jli/libjli.so
7f1f2ebb6000-7f1f2ebcf000 r-xp 00000000 08:01 1188135                    /lib/x86_64-linux-gnu/libpthread-2.19.so
7f1f2ebcf000-7f1f2edce000 ---p 00019000 08:01 1188135                    /lib/x86_64-linux-gnu/libpthread-2.19.so
7f1f2edce000-7f1f2edcf000 r--p 00018000 08:01 1188135                    /lib/x86_64-linux-gnu/libpthread-2.19.so
7f1f2edcf000-7f1f2edd0000 rw-p 00019000 08:01 1188135                    /lib/x86_64-linux-gnu/libpthread-2.19.so
7f1f2edd0000-7f1f2edd4000 rw-p 00000000 00:00 0 
7f1f2edd4000-7f1f2edf7000 r-xp 00000000 08:01 1188131                    /lib/x86_64-linux-gnu/ld-2.19.so
7f1f2edf7000-7f1f2edfd000 r--s 00026000 08:01 1580388                    /root/.gradle/wrapper/dists/gradle-2.2.1-all/c64ydeuardnfqctvr1gm30w53/gradle-2.2.1/lib/gradle-base-services-2.2.1.jar
7f1f2edfd000-7f1f2eecf000 rw-p 00000000 00:00 0 
7f1f2eecf000-7f1f2eed2000 ---p 00000000 00:00 0 
7f1f2eed2000-7f1f2efd4000 rw-p 00000000 00:00 0                          [stack:3527]
7f1f2efd4000-7f1f2efd5000 r--s 00000000 08:01 1580406                    /root/.gradle/wrapper/dists/gradle-2.2.1-all/c64ydeuardnfqctvr1gm30w53/gradle-2.2.1/lib/jcip-annotations-1.0.jar
7f1f2efd5000-7f1f2efd6000 r--s 00004000 08:01 1580422                    /root/.gradle/wrapper/dists/gradle-2.2.1-all/c64ydeuardnfqctvr1gm30w53/gradle-2.2.1/lib/ant-launcher-1.9.3.jar
7f1f2efd6000-7f1f2efea000 rw-p 00000000 00:00 0 
7f1f2efea000-7f1f2eff2000 rw-s 00000000 08:01 2133554                    /tmp/hsperfdata_root/3526
7f1f2eff2000-7f1f2eff3000 rw-p 00000000 00:00 0 
7f1f2eff3000-7f1f2eff4000 ---p 00000000 00:00 0 
7f1f2eff4000-7f1f2eff6000 rw-p 00000000 00:00 0 
7f1f2eff6000-7f1f2eff7000 r--p 00022000 08:01 1188131                    /lib/x86_64-linux-gnu/ld-2.19.so
7f1f2eff7000-7f1f2eff8000 rw-p 00023000 08:01 1188131                    /lib/x86_64-linux-gnu/ld-2.19.so
7f1f2eff8000-7f1f2eff9000 rw-p 00000000 00:00 0 
7ffc017f2000-7ffc01813000 rw-p 00000000 00:00 0                          [stack]
7ffc019ef000-7ffc019f1000 r-xp 00000000 00:00 0                          [vdso]
ffffffffff600000-ffffffffff601000 r-xp 00000000 00:00 0                  [vsyscall]

VM Arguments:
jvm_args: -XX:MaxPermSize=256m -XX:+HeapDumpOnOutOfMemoryError -Xmx1024m -Dfile.encoding=UTF-8 -Duser.country=IN -Duser.language=en -Duser.variant 
java_command: org.gradle.launcher.daemon.bootstrap.GradleDaemon 2.2.1 /root/.gradle/daemon 10800000 3d553c4c-8c55-46c6-957f-9a3317203d98 -XX:MaxPermSize=256m -XX:+HeapDumpOnOutOfMemoryError -Xmx1024m -Dfile.encoding=UTF-8 -Duser.country=IN -Duser.language=en -Duser.variant
java_class_path (initial): /root/.gradle/wrapper/dists/gradle-2.2.1-all/c64ydeuardnfqctvr1gm30w53/gradle-2.2.1/lib/gradle-launcher-2.2.1.jar
Launcher Type: SUN_STANDARD

Environment Variables:
PATH=/usr/local/sbin:/usr/local/bin:/usr/sbin:/usr/bin:/sbin:/bin
USERNAME=root
LD_LIBRARY_PATH=.:
SHELL=/bin/bash
DISPLAY=:0

Signal Handlers:
SIGSEGV: [libjvm.so+0xaba070], sa_mask[0]=11111111011111111101111111111110, sa_flags=SA_RESTART|SA_SIGINFO
SIGBUS: [libjvm.so+0xaba070], sa_mask[0]=11111111011111111101111111111110, sa_flags=SA_RESTART|SA_SIGINFO
SIGFPE: [libjvm.so+0x917630], sa_mask[0]=11111111011111111101111111111110, sa_flags=SA_RESTART|SA_SIGINFO
SIGPIPE: [libjvm.so+0x917630], sa_mask[0]=11111111011111111101111111111110, sa_flags=SA_RESTART|SA_SIGINFO
SIGXFSZ: [libjvm.so+0x917630], sa_mask[0]=11111111011111111101111111111110, sa_flags=SA_RESTART|SA_SIGINFO
SIGILL: [libjvm.so+0x917630], sa_mask[0]=11111111011111111101111111111110, sa_flags=SA_RESTART|SA_SIGINFO
SIGUSR1: SIG_DFL, sa_mask[0]=00000000000000000000000000000000, sa_flags=none
SIGUSR2: [libjvm.so+0x918c60], sa_mask[0]=00100000000000000000000000000000, sa_flags=SA_RESTART|SA_SIGINFO
SIGHUP: [libjvm.so+0x91a060], sa_mask[0]=11111111011111111101111111111110, sa_flags=SA_RESTART|SA_SIGINFO
SIGINT: [libjvm.so+0x91a060], sa_mask[0]=11111111011111111101111111111110, sa_flags=SA_RESTART|SA_SIGINFO
SIGTERM: [libjvm.so+0x91a060], sa_mask[0]=11111111011111111101111111111110, sa_flags=SA_RESTART|SA_SIGINFO
SIGQUIT: [libjvm.so+0x91a060], sa_mask[0]=11111111011111111101111111111110, sa_flags=SA_RESTART|SA_SIGINFO


---------------  S Y S T E M  ---------------

OS:DISTRIB_ID=Ubuntu
DISTRIB_RELEASE=14.04
DISTRIB_CODENAME=trusty
DISTRIB_DESCRIPTION="Ubuntu 14.04.1 LTS"

uname:Linux 3.13.0-67-generic #110-Ubuntu SMP Fri Oct 23 13:24:41 UTC 2015 x86_64
libc:glibc 2.19 NPTL 2.19 
rlimit: STACK 8192k, CORE 0k, NPROC 62669, NOFILE 4096, AS infinity
load average:0.62 0.58 0.71

/proc/meminfo:
MemTotal:        8043312 kB
MemFree:         1630516 kB
Buffers:          130592 kB
Cached:          2074784 kB
SwapCached:            0 kB
Active:          4219820 kB
Inactive:        1370648 kB
Active(anon):    3390880 kB
Inactive(anon):   319852 kB
Active(file):     828940 kB
Inactive(file):  1050796 kB
Unevictable:          32 kB
Mlocked:              32 kB
SwapTotal:       3998716 kB
SwapFree:        3998716 kB
Dirty:              2116 kB
Writeback:             0 kB
AnonPages:       3385208 kB
Mapped:           855688 kB
Shmem:            325596 kB
Slab:             133180 kB
SReclaimable:      96412 kB
SUnreclaim:        36768 kB
KernelStack:        4808 kB
PageTables:        39368 kB
NFS_Unstable:          0 kB
Bounce:                0 kB
WritebackTmp:          0 kB
CommitLimit:     8020372 kB
Committed_AS:    7332636 kB
VmallocTotal:   34359738367 kB
VmallocUsed:      357812 kB
VmallocChunk:   34359368828 kB
HardwareCorrupted:     0 kB
AnonHugePages:   1372160 kB
HugePages_Total:       0
HugePages_Free:        0
HugePages_Rsvd:        0
HugePages_Surp:        0
Hugepagesize:       2048 kB
DirectMap4k:       64932 kB
DirectMap2M:     1898496 kB
DirectMap1G:     6291456 kB


CPU:total 2 (2 cores per cpu, 1 threads per core) family 6 model 60 stepping 3, cmov, cx8, fxsr, mmx, sse, sse2, sse3, ssse3, sse4.1, sse4.2, popcnt, clmul, erms, lzcnt, tsc, tscinvbit

/proc/cpuinfo:
processor	: 0
vendor_id	: GenuineIntel
cpu family	: 6
model		: 60
model name	: Intel(R) Pentium(R) CPU G3220 @ 3.00GHz
stepping	: 3
microcode	: 0x12
cpu MHz		: 3000.000
cache size	: 3072 KB
physical id	: 0
siblings	: 2
core id		: 0
cpu cores	: 2
apicid		: 0
initial apicid	: 0
fpu		: yes
fpu_exception	: yes
cpuid level	: 13
wp		: yes
flags		: fpu vme de pse tsc msr pae mce cx8 apic sep mtrr pge mca cmov pat pse36 clflush dts acpi mmx fxsr sse sse2 ss ht tm pbe syscall nx pdpe1gb rdtscp lm constant_tsc arch_perfmon pebs bts rep_good nopl xtopology nonstop_tsc aperfmperf eagerfpu pni pclmulqdq dtes64 monitor ds_cpl vmx est tm2 ssse3 cx16 xtpr pdcm pcid sse4_1 sse4_2 movbe popcnt tsc_deadline_timer xsave rdrand lahf_lm abm arat xsaveopt pln pts dtherm tpr_shadow vnmi flexpriority ept vpid fsgsbase tsc_adjust erms invpcid
bogomips	: 5986.07
clflush size	: 64
cache_alignment	: 64
address sizes	: 39 bits physical, 48 bits virtual
power management:

processor	: 1
vendor_id	: GenuineIntel
cpu family	: 6
model		: 60
model name	: Intel(R) Pentium(R) CPU G3220 @ 3.00GHz
stepping	: 3
microcode	: 0x12
cpu MHz		: 3000.000
cache size	: 3072 KB
physical id	: 0
siblings	: 2
core id		: 1
cpu cores	: 2
apicid		: 2
initial apicid	: 2
fpu		: yes
fpu_exception	: yes
cpuid level	: 13
wp		: yes
flags		: fpu vme de pse tsc msr pae mce cx8 apic sep mtrr pge mca cmov pat pse36 clflush dts acpi mmx fxsr sse sse2 ss ht tm pbe syscall nx pdpe1gb rdtscp lm constant_tsc arch_perfmon pebs bts rep_good nopl xtopology nonstop_tsc aperfmperf eagerfpu pni pclmulqdq dtes64 monitor ds_cpl vmx est tm2 ssse3 cx16 xtpr pdcm pcid sse4_1 sse4_2 movbe popcnt tsc_deadline_timer xsave rdrand lahf_lm abm arat xsaveopt pln pts dtherm tpr_shadow vnmi flexpriority ept vpid fsgsbase tsc_adjust erms invpcid
bogomips	: 5986.07
clflush size	: 64
cache_alignment	: 64
address sizes	: 39 bits physical, 48 bits virtual
power management:



Memory: 4k page, physical 8043312k(1630516k free), swap 3998716k(3998716k free)

vm_info: Java HotSpot(TM) 64-Bit Server VM (25.65-b01) for linux-amd64 JRE (1.8.0_65-b17), built on Oct  6 2015 17:16:12 by "java_re" with gcc 4.3.0 20080428 (Red Hat 4.3.0-8)

time: Thu Mar 10 14:23:00 2016
elapsed time: 2000 seconds (0d 0h 33m 20s)

