#
# A fatal error has been detected by the Java Runtime Environment:
#
#  SIGSEGV (0xb) at pc=0xa796737a, pid=5034, tid=3061377856
#
# JRE version: Java(TM) SE Runtime Environment (8.0_45-b14) (build 1.8.0_45-b14)
# Java VM: Java HotSpot(TM) Server VM (25.45-b02 mixed mode linux-x86 )
# Problematic frame:
# J 1287 C1 com.android.dx.dex.code.PositionList.make(Lcom/android/dx/dex/code/DalvInsnList;I)Lcom/android/dx/dex/code/PositionList; (224 bytes) @ 0xa796737a [0xa7967200+0x17a]
#
# Failed to write core dump. Core dumps have been disabled. To enable core dumping, try "ulimit -c unlimited" before starting Java again
#
# If you would like to submit a bug report, please visit:
#   http://bugreport.java.com/bugreport/crash.jsp
#

---------------  T H R E A D  ---------------

Current thread (0xb6607400):  JavaThread "main" [_thread_in_Java, id=5043, stack(0xb673e000,0xb678f000)]

siginfo: si_signo: 11 (SIGSEGV), si_code: 2 (SEGV_ACCERR), si_addr: 0x95b9f5a8

Registers:
EAX=0x91baf9d0, EBX=0x92788a08, ECX=0x927889f0, EDX=0x00000000
ESP=0xb678dba0, EBP=0xb678dc8c, ESI=0x91baf9d0, EDI=0x95b9f5a8
EIP=0xa796737a, EFLAGS=0x00010246, CR2=0x95b9f5a8

Top of Stack: (sp=0xb678dba0)
0xb678dba0:   91b9f570 927889c8 9400adb8 91bae648
0xb678dbb0:   0000018f 91bab9c8 93dc5428 93dc5428
0xb678dbc0:   ffffffff a75a282a b678dcb4 a794bd40
0xb678dbd0:   00000190 91baba20 0000018f 000000b1
0xb678dbe0:   91baba48 0000000b 0000000d 91baba48
0xb678dbf0:   00000190 927889f0 00000002 92789058
0xb678dc00:   0000000c 91b9f570 00000001 000000f3
0xb678dc10:   95b9f5a8 91baf9a8 92789758 a75a2634 

Instructions: (pc=0xa796737a)
0xa796735a:   00 0f 84 12 00 00 00 8b 7c 24 60 8b 4c 24 64 bb
0xa796736a:   01 00 00 00 e9 4d 01 00 00 8b 7e 10 89 7c 24 70
0xa796737a:   3b 07 ba 70 de e4 93 8b cf 89 74 24 74 e8 f4 f9
0xa796738a:   fd ff 83 f8 00 0f 84 11 00 00 00 8b 7c 24 60 8b 

Register to memory mapping:

EAX=0x91baf9d0 is an oop
com.android.dx.dex.code.TargetInsn 
 - klass: 'com/android/dx/dex/code/TargetInsn'
EBX=0x92788a08 is an oop
[Ljava.lang.Object; 
 - klass: 'java/lang/Object'[]
 - length: 400
ECX=0x927889f0 is an oop
com.android.dx.dex.code.DalvInsnList 
 - klass: 'com/android/dx/dex/code/DalvInsnList'
EDX=0x00000000 is an unknown value
ESP=0xb678dba0 is pointing into the stack for thread: 0xb6607400
EBP=0xb678dc8c is pointing into the stack for thread: 0xb6607400
ESI=0x91baf9d0 is an oop
com.android.dx.dex.code.TargetInsn 
 - klass: 'com/android/dx/dex/code/TargetInsn'
EDI=0x95b9f5a8 is an unallocated location in the heap


Stack: [0xb673e000,0xb678f000],  sp=0xb678dba0,  free space=318k
Native frames: (J=compiled Java code, j=interpreted, Vv=VM code, C=native code)
J 1287 C1 com.android.dx.dex.code.PositionList.make(Lcom/android/dx/dex/code/DalvInsnList;I)Lcom/android/dx/dex/code/PositionList; (224 bytes) @ 0xa796737a [0xa7967200+0x17a]
j  com.android.dx.dex.code.DalvCode.finishProcessingIfNecessary()V+28
j  com.android.dx.dex.code.DalvCode.getInsns()Lcom/android/dx/dex/code/DalvInsnList;+1
j  com.android.dx.dex.file.CodeItem.place0(Lcom/android/dx/dex/file/Section;I)V+55
j  com.android.dx.dex.file.OffsettedItem.place(Lcom/android/dx/dex/file/Section;I)I+73
j  com.android.dx.dex.file.MixedItemSection.placeItems()V+94
j  com.android.dx.dex.file.DexFile.toDex0(ZZ)Lcom/android/dx/util/ByteArrayAnnotatedOutput;+195
j  com.android.dx.dex.file.DexFile.toDex(Ljava/io/Writer;Z)[B+13
j  com.android.dx.command.dexer.Main.writeDex()[B+50
j  com.android.dx.command.dexer.Main.runMonoDex()I+103
j  com.android.dx.command.dexer.Main.run(Lcom/android/dx/command/dexer/Main$Arguments;)I+76
j  com.android.dx.command.dexer.Main.main([Ljava/lang/String;)V+14
j  com.android.dx.command.Main.main([Ljava/lang/String;)V+61
v  ~StubRoutines::call_stub
V  [libjvm.so+0x4f282f]  JavaCalls::call_helper(JavaValue*, methodHandle*, JavaCallArguments*, Thread*)+0x101f
V  [libjvm.so+0x741629]  os::os_exception_wrapper(void (*)(JavaValue*, methodHandle*, JavaCallArguments*, Thread*), JavaValue*, methodHandle*, JavaCallArguments*, Thread*)+0x19
V  [libjvm.so+0x4f0dff]  JavaCalls::call(JavaValue*, methodHandle, JavaCallArguments*, Thread*)+0x2f
V  [libjvm.so+0x53b59f]  jni_invoke_static(JNIEnv_*, JavaValue*, _jobject*, JNICallType, _jmethodID*, JNI_ArgumentPusher*, Thread*)+0x38f
V  [libjvm.so+0x54e01f]  jni_CallStaticVoidMethod+0xdf
C  [libjli.so+0x7666]  JavaMain+0x8d6
C  [libpthread.so.0+0x6d4c]  start_thread+0xcc
C  [libc.so.6+0xeeb8e]  clone+0x5e


---------------  P R O C E S S  ---------------

Java Threads: ( => current thread )
  0x63e38000 JavaThread "Service Thread" daemon [_thread_blocked, id=5052, stack(0x63a5c000,0x63aad000)]
  0x63e35000 JavaThread "C1 CompilerThread1" daemon [_thread_blocked, id=5051, stack(0x63aad000,0x63b2e000)]
  0x63e33000 JavaThread "C2 CompilerThread0" daemon [_thread_in_native, id=5050, stack(0x63b2e000,0x63baf000)]
  0x63e31800 JavaThread "Signal Dispatcher" daemon [_thread_blocked, id=5049, stack(0x63baf000,0x63c00000)]
  0x63e14c00 JavaThread "Finalizer" daemon [_thread_blocked, id=5048, stack(0x63f39000,0x63f8a000)]
  0x63e13400 JavaThread "Reference Handler" daemon [_thread_blocked, id=5047, stack(0x63f8a000,0x63fdb000)]
=>0xb6607400 JavaThread "main" [_thread_in_Java, id=5043, stack(0xb673e000,0xb678f000)]

Other Threads:
  0x63e10400 VMThread [stack: 0x66b30000,0x66bb1000] [id=5046]
  0x63e39c00 WatcherThread [stack: 0x639db000,0x63a5c000] [id=5053]

VM state:not at safepoint (normal execution)

VM Mutex/Monitor currently owned by a thread: None

Heap:
 PSYoungGen      total 35840K, used 15740K [0x91ac0000, 0x94040000, 0xa7000000)
  eden space 33280K, 39% used [0x91ac0000,0x927a1090,0x93b40000)
  from space 2560K, 99% used [0x93dc0000,0x9403e180,0x94040000)
  to   space 2560K, 0% used [0x93b40000,0x93b40000,0x93dc0000)
 ParOldGen       total 43776K, used 13107K [0x67000000, 0x69ac0000, 0x91ac0000)
  object space 43776K, 29% used [0x67000000,0x67ccce28,0x69ac0000)
 Metaspace       used 3499K, capacity 3646K, committed 3736K, reserved 4400K

Card table byte_map: [0x66dff000,0x67000000] byte_map_base: 0x66ac7000

Marking Bits: (ParMarkBitMap*) 0xb71ab960
 Begin Bits: [0x64a00000, 0x65a00000)
 End Bits:   [0x65a00000, 0x66a00000)

Polling page: 0xb77a7000

CodeCache: size=245760Kb used=4033Kb max_used=4033Kb free=241726Kb
 bounds [0xa759e000, 0xa7996000, 0xb659e000]
 total_blobs=1460 nmethods=1305 adapters=71
 compilation: enabled

Compilation events (10 events):
Event: 2.410 Thread 0x63e35000 nmethod 1313 0xa7980248 code [0xa7980460, 0xa79810d4]
Event: 2.410 Thread 0x63e35000 1318       3       com.android.dx.dex.code.OutputFinisher::massageInstructions (89 bytes)
Event: 2.419 Thread 0x63e35000 nmethod 1318 0xa7981648 code [0xa7981840, 0xa7982188]
Event: 2.419 Thread 0x63e35000 1328       3       com.android.dx.dex.code.OutputFinisher::calculateReservedCount (122 bytes)
Event: 2.420 Thread 0x63e35000 nmethod 1328 0xa7982ac8 code [0xa7982ca0, 0xa7983528]
Event: 2.420 Thread 0x63e35000 1306       2       com.android.dx.dex.code.StdCatchBuilder::build (262 bytes)
Event: 2.424 Thread 0x63e35000 nmethod 1306 0xa7983cc8 code [0xa7984040, 0xa7984e7c]
Event: 2.424 Thread 0x63e35000 1309       2       com.android.dx.rop.code.RegisterSpecSet::findMatchingLocal (49 bytes)
Event: 2.425 Thread 0x63e35000 nmethod 1309 0xa7987348 code [0xa7987480, 0xa798762c]
Event: 2.425 Thread 0x63e35000 1326       2       com.android.dx.dex.code.LocalList$MakeState::startLocal (266 bytes)

GC Heap History (4 events):
Event: 1.219 GC heap before
{Heap before GC invocations=1 (full 0):
 PSYoungGen      total 19200K, used 16640K [0x91ac0000, 0x93000000, 0xa7000000)
  eden space 16640K, 100% used [0x91ac0000,0x92b00000,0x92b00000)
  from space 2560K, 0% used [0x92d80000,0x92d80000,0x93000000)
  to   space 2560K, 0% used [0x92b00000,0x92b00000,0x92d80000)
 ParOldGen       total 43776K, used 0K [0x67000000, 0x69ac0000, 0x91ac0000)
  object space 43776K, 0% used [0x67000000,0x67000000,0x69ac0000)
 Metaspace       used 3229K, capacity 3454K, committed 3480K, reserved 4400K
Event: 1.263 GC heap after
Heap after GC invocations=1 (full 0):
 PSYoungGen      total 19200K, used 2556K [0x91ac0000, 0x94040000, 0xa7000000)
  eden space 16640K, 0% used [0x91ac0000,0x91ac0000,0x92b00000)
  from space 2560K, 99% used [0x92b00000,0x92d7f338,0x92d80000)
  to   space 2560K, 0% used [0x93dc0000,0x93dc0000,0x94040000)
 ParOldGen       total 43776K, used 4975K [0x67000000, 0x69ac0000, 0x91ac0000)
  object space 43776K, 11% used [0x67000000,0x674dbd50,0x69ac0000)
 Metaspace       used 3229K, capacity 3454K, committed 3480K, reserved 4400K
}
Event: 1.896 GC heap before
{Heap before GC invocations=2 (full 0):
 PSYoungGen      total 19200K, used 19196K [0x91ac0000, 0x94040000, 0xa7000000)
  eden space 16640K, 100% used [0x91ac0000,0x92b00000,0x92b00000)
  from space 2560K, 99% used [0x92b00000,0x92d7f338,0x92d80000)
  to   space 2560K, 0% used [0x93dc0000,0x93dc0000,0x94040000)
 ParOldGen       total 43776K, used 4975K [0x67000000, 0x69ac0000, 0x91ac0000)
  object space 43776K, 11% used [0x67000000,0x674dbd50,0x69ac0000)
 Metaspace       used 3296K, capacity 3486K, committed 3608K, reserved 4400K
Event: 1.948 GC heap after
Heap after GC invocations=2 (full 0):
 PSYoungGen      total 35840K, used 2552K [0x91ac0000, 0x94040000, 0xa7000000)
  eden space 33280K, 0% used [0x91ac0000,0x91ac0000,0x93b40000)
  from space 2560K, 99% used [0x93dc0000,0x9403e180,0x94040000)
  to   space 2560K, 0% used [0x93b40000,0x93b40000,0x93dc0000)
 ParOldGen       total 43776K, used 13107K [0x67000000, 0x69ac0000, 0x91ac0000)
  object space 43776K, 29% used [0x67000000,0x67ccce28,0x69ac0000)
 Metaspace       used 3296K, capacity 3486K, committed 3608K, reserved 4400K
}

Deoptimization events (10 events):
Event: 2.114 Thread 0xb6607400 Uncommon trap: reason=class_check action=maybe_recompile pc=0xa782ade8 method=java.util.Arrays.hashCode([Ljava/lang/Object;)I @ 43
Event: 2.116 Thread 0xb6607400 Uncommon trap: reason=class_check action=maybe_recompile pc=0xa782ade8 method=java.util.Arrays.hashCode([Ljava/lang/Object;)I @ 43
Event: 2.116 Thread 0xb6607400 Uncommon trap: reason=class_check action=maybe_recompile pc=0xa782ade8 method=java.util.Arrays.hashCode([Ljava/lang/Object;)I @ 43
Event: 2.116 Thread 0xb6607400 Uncommon trap: reason=class_check action=maybe_recompile pc=0xa77d3574 method=java.util.Arrays.hashCode([Ljava/lang/Object;)I @ 43
Event: 2.119 Thread 0xb6607400 Uncommon trap: reason=unstable_if action=reinterpret pc=0xa769da18 method=java.lang.String.replace(CC)Ljava/lang/String; @ 26
Event: 2.121 Thread 0xb6607400 Uncommon trap: reason=bimorphic action=maybe_recompile pc=0xa7739d70 method=java.util.HashMap.getNode(ILjava/lang/Object;)Ljava/util/HashMap$Node; @ 126
Event: 2.121 Thread 0xb6607400 Uncommon trap: reason=bimorphic action=maybe_recompile pc=0xa7739d70 method=java.util.HashMap.getNode(ILjava/lang/Object;)Ljava/util/HashMap$Node; @ 126
Event: 2.124 Thread 0xb6607400 Uncommon trap: reason=bimorphic action=maybe_recompile pc=0xa7739d70 method=java.util.HashMap.getNode(ILjava/lang/Object;)Ljava/util/HashMap$Node; @ 126
Event: 2.124 Thread 0xb6607400 Uncommon trap: reason=bimorphic action=maybe_recompile pc=0xa7739d70 method=java.util.HashMap.getNode(ILjava/lang/Object;)Ljava/util/HashMap$Node; @ 126
Event: 2.124 Thread 0xb6607400 Uncommon trap: reason=bimorphic action=maybe_recompile pc=0xa77e73ec method=java.util.HashMap.getNode(ILjava/lang/Object;)Ljava/util/HashMap$Node; @ 126

Internal exceptions (3 events):
Event: 0.104 Thread 0xb6607400 Exception <a 'java/lang/NoSuchMethodError': Method sun.misc.Unsafe.defineClass(Ljava/lang/String;[BII)Ljava/lang/Class; name or signature does not match> (0x91ad03f8) thrown at [/HUDSON/workspace/8-2-build-linux-i586/jdk8u45/3457/hotspot/src/share/vm/prim
Event: 0.104 Thread 0xb6607400 Exception <a 'java/lang/NoSuchMethodError': Method sun.misc.Unsafe.prefetchRead(Ljava/lang/Object;J)V name or signature does not match> (0x91ad0678) thrown at [/HUDSON/workspace/8-2-build-linux-i586/jdk8u45/3457/hotspot/src/share/vm/prims/jni.cpp, line 39
Event: 1.628 Thread 0xb6607400 Implicit null exception at 0xa784106b to 0xa78410f1

Events (10 events):
Event: 2.391 Thread 0xb6607400 DEOPT PACKING pc=0xa795fa0f sp=0xb678dba0
Event: 2.391 Thread 0xb6607400 DEOPT UNPACKING pc=0xa75da310 sp=0xb678da60 mode 0
Event: 2.391 Thread 0xb6607400 DEOPT PACKING pc=0xa7960c34 sp=0xb678db20
Event: 2.391 Thread 0xb6607400 DEOPT UNPACKING pc=0xa75da310 sp=0xb678da50 mode 0
Event: 2.418 Thread 0xb6607400 DEOPT PACKING pc=0xa79711ab sp=0xb678db70
Event: 2.418 Thread 0xb6607400 DEOPT UNPACKING pc=0xa75da310 sp=0xb678da2c mode 0
Event: 2.418 Thread 0xb6607400 DEOPT PACKING pc=0xa795ed8c sp=0xb678dbb0
Event: 2.418 Thread 0xb6607400 DEOPT UNPACKING pc=0xa75da310 sp=0xb678da7c mode 0
Event: 2.427 Thread 0xb6607400 DEOPT PACKING pc=0xa79678ed sp=0xb678dba0
Event: 2.427 Thread 0xb6607400 DEOPT UNPACKING pc=0xa75da310 sp=0xb678da9c mode 0


Dynamic libraries:
08048000-08049000 r-xp 00000000 08:02 2233075    /usr/lib/jvm/java-8-oracle/jre/bin/java
08049000-0804a000 rw-p 00000000 08:02 2233075    /usr/lib/jvm/java-8-oracle/jre/bin/java
08d46000-09328000 rw-p 00000000 00:00 0          [heap]
63266000-63400000 rw-p 00000000 00:00 0 
63400000-63497000 rw-p 00000000 00:00 0 
63497000-63500000 ---p 00000000 00:00 0 
6354a000-63600000 rw-p 00000000 00:00 0 
63600000-636ff000 rw-p 00000000 00:00 0 
636ff000-63700000 ---p 00000000 00:00 0 
63700000-637fb000 rw-p 00000000 00:00 0 
637fb000-63800000 ---p 00000000 00:00 0 
63800000-63900000 rw-p 00000000 00:00 0 
63930000-639db000 rw-p 00000000 00:00 0 
639db000-639dc000 ---p 00000000 00:00 0 
639dc000-63a5c000 rw-p 00000000 00:00 0          [stack:5053]
63a5c000-63a5f000 ---p 00000000 00:00 0 
63a5f000-63aad000 rw-p 00000000 00:00 0          [stack:5052]
63aad000-63ab0000 ---p 00000000 00:00 0 
63ab0000-63b2e000 rw-p 00000000 00:00 0          [stack:5051]
63b2e000-63b31000 ---p 00000000 00:00 0 
63b31000-63baf000 rw-p 00000000 00:00 0          [stack:5050]
63baf000-63bb2000 ---p 00000000 00:00 0 
63bb2000-63c00000 rw-p 00000000 00:00 0          [stack:5049]
63c00000-63e00000 r--p 00000000 08:02 2231704    /usr/lib/locale/locale-archive
63e00000-63edc000 rw-p 00000000 00:00 0 
63edc000-63f00000 ---p 00000000 00:00 0 
63f39000-63f3c000 ---p 00000000 00:00 0 
63f3c000-63f8a000 rw-p 00000000 00:00 0          [stack:5048]
63f8a000-63f8d000 ---p 00000000 00:00 0 
63f8d000-63fdb000 rw-p 00000000 00:00 0          [stack:5047]
63fdb000-641b4000 r--s 03d09000 08:02 2235693    /usr/lib/jvm/java-8-oracle/jre/lib/rt.jar
641b4000-6455a000 rw-p 00000000 00:00 0 
6455a000-64600000 ---p 00000000 00:00 0 
64600000-66a00000 rw-p 00000000 00:00 0 
66a00000-66aff000 rw-p 00000000 00:00 0 
66aff000-66b00000 ---p 00000000 00:00 0 
66b21000-66b30000 r--s 000dd000 08:02 1337448    /root/Android/Sdk/build-tools/22.0.1/lib/dx.jar
66b30000-66b31000 ---p 00000000 00:00 0 
66b31000-66c00000 rw-p 00000000 00:00 0          [stack:5046]
66c00000-66c21000 rw-p 00000000 00:00 0 
66c21000-66d00000 ---p 00000000 00:00 0 
66d0b000-66d7e000 rw-p 00000000 00:00 0 
66d7e000-66d7f000 ---p 00000000 00:00 0 
66d7f000-66e15000 rw-p 00000000 00:00 0          [stack:5045]
66e15000-66f54000 ---p 00000000 00:00 0 
66f54000-66f68000 rw-p 00000000 00:00 0 
66f68000-66fff000 ---p 00000000 00:00 0 
66fff000-69ac0000 rw-p 00000000 00:00 0 
69ac0000-91ac0000 ---p 00000000 00:00 0 
91ac0000-94040000 rw-p 00000000 00:00 0 
94040000-a7000000 ---p 00000000 00:00 0 
a7007000-a7008000 ---p 00000000 00:00 0 
a7008000-a709e000 rw-p 00000000 00:00 0          [stack:5044]
a709e000-a71de000 ---p 00000000 00:00 0 
a71de000-a71ee000 rw-p 00000000 00:00 0 
a71ee000-a759e000 ---p 00000000 00:00 0 
a759e000-a7996000 rwxp 00000000 00:00 0 
a7996000-b659e000 ---p 00000000 00:00 0 
b659e000-b65b7000 r-xp 00000000 08:02 2233182    /usr/lib/jvm/java-8-oracle/jre/lib/i386/libzip.so
b65b7000-b65b8000 rw-p 00018000 08:02 2233182    /usr/lib/jvm/java-8-oracle/jre/lib/i386/libzip.so
b65b8000-b65c3000 r-xp 00000000 08:02 660696     /lib/i386-linux-gnu/libnss_files-2.15.so
b65c3000-b65c4000 r--p 0000a000 08:02 660696     /lib/i386-linux-gnu/libnss_files-2.15.so
b65c4000-b65c5000 rw-p 0000b000 08:02 660696     /lib/i386-linux-gnu/libnss_files-2.15.so
b65c5000-b65cf000 r-xp 00000000 08:02 660516     /lib/i386-linux-gnu/libnss_nis-2.15.so
b65cf000-b65d0000 r--p 00009000 08:02 660516     /lib/i386-linux-gnu/libnss_nis-2.15.so
b65d0000-b65d1000 rw-p 0000a000 08:02 660516     /lib/i386-linux-gnu/libnss_nis-2.15.so
b65d1000-b65e7000 r-xp 00000000 08:02 660714     /lib/i386-linux-gnu/libnsl-2.15.so
b65e7000-b65e8000 r--p 00015000 08:02 660714     /lib/i386-linux-gnu/libnsl-2.15.so
b65e8000-b65e9000 rw-p 00016000 08:02 660714     /lib/i386-linux-gnu/libnsl-2.15.so
b65e9000-b65eb000 rw-p 00000000 00:00 0 
b65f8000-b6600000 rw-s 00000000 08:02 1963511    /tmp/hsperfdata_root/5034
b6600000-b66f9000 rw-p 00000000 00:00 0 
b66f9000-b6700000 ---p 00000000 00:00 0 
b6707000-b670e000 r-xp 00000000 08:02 660751     /lib/i386-linux-gnu/libnss_compat-2.15.so
b670e000-b670f000 r--p 00006000 08:02 660751     /lib/i386-linux-gnu/libnss_compat-2.15.so
b670f000-b6710000 rw-p 00007000 08:02 660751     /lib/i386-linux-gnu/libnss_compat-2.15.so
b6710000-b6734000 r-xp 00000000 08:02 2233256    /usr/lib/jvm/java-8-oracle/jre/lib/i386/libjava.so
b6734000-b6735000 rw-p 00023000 08:02 2233256    /usr/lib/jvm/java-8-oracle/jre/lib/i386/libjava.so
b6735000-b673c000 r-xp 00000000 08:02 660699     /lib/i386-linux-gnu/librt-2.15.so
b673c000-b673d000 r--p 00006000 08:02 660699     /lib/i386-linux-gnu/librt-2.15.so
b673d000-b673e000 rw-p 00007000 08:02 660699     /lib/i386-linux-gnu/librt-2.15.so
b673e000-b6741000 ---p 00000000 00:00 0 
b6741000-b678f000 rw-p 00000000 00:00 0          [stack:5043]
b678f000-b67b9000 r-xp 00000000 08:02 660716     /lib/i386-linux-gnu/libm-2.15.so
b67b9000-b67ba000 r--p 00029000 08:02 660716     /lib/i386-linux-gnu/libm-2.15.so
b67ba000-b67bb000 rw-p 0002a000 08:02 660716     /lib/i386-linux-gnu/libm-2.15.so
b67bb000-b712e000 r-xp 00000000 08:02 2233236    /usr/lib/jvm/java-8-oracle/jre/lib/i386/server/libjvm.so
b712e000-b719a000 rw-p 00972000 08:02 2233236    /usr/lib/jvm/java-8-oracle/jre/lib/i386/server/libjvm.so
b719a000-b75c0000 rw-p 00000000 00:00 0 
b75c0000-b7763000 r-xp 00000000 08:02 660752     /lib/i386-linux-gnu/libc-2.15.so
b7763000-b7765000 r--p 001a3000 08:02 660752     /lib/i386-linux-gnu/libc-2.15.so
b7765000-b7766000 rw-p 001a5000 08:02 660752     /lib/i386-linux-gnu/libc-2.15.so
b7766000-b7769000 rw-p 00000000 00:00 0 
b7769000-b776c000 r-xp 00000000 08:02 660747     /lib/i386-linux-gnu/libdl-2.15.so
b776c000-b776d000 r--p 00002000 08:02 660747     /lib/i386-linux-gnu/libdl-2.15.so
b776d000-b776e000 rw-p 00003000 08:02 660747     /lib/i386-linux-gnu/libdl-2.15.so
b776e000-b7782000 r-xp 00000000 08:02 2233218    /usr/lib/jvm/java-8-oracle/jre/lib/i386/jli/libjli.so
b7782000-b7783000 rw-p 00014000 08:02 2233218    /usr/lib/jvm/java-8-oracle/jre/lib/i386/jli/libjli.so
b7783000-b7784000 rw-p 00000000 00:00 0 
b7784000-b779b000 r-xp 00000000 08:02 660693     /lib/i386-linux-gnu/libpthread-2.15.so
b779b000-b779c000 r--p 00016000 08:02 660693     /lib/i386-linux-gnu/libpthread-2.15.so
b779c000-b779d000 rw-p 00017000 08:02 660693     /lib/i386-linux-gnu/libpthread-2.15.so
b779d000-b779f000 rw-p 00000000 00:00 0 
b77a2000-b77a5000 rw-p 00000000 00:00 0 
b77a5000-b77a6000 r--p 00858000 08:02 2231704    /usr/lib/locale/locale-archive
b77a6000-b77a7000 rw-p 00000000 00:00 0 
b77a7000-b77a8000 r--p 00000000 00:00 0 
b77a8000-b77b3000 r-xp 00000000 08:02 2233227    /usr/lib/jvm/java-8-oracle/jre/lib/i386/libverify.so
b77b3000-b77b4000 rw-p 0000b000 08:02 2233227    /usr/lib/jvm/java-8-oracle/jre/lib/i386/libverify.so
b77b4000-b77b6000 rw-p 00000000 00:00 0 
b77b6000-b77b7000 r-xp 00000000 00:00 0          [vdso]
b77b7000-b77d7000 r-xp 00000000 08:02 660701     /lib/i386-linux-gnu/ld-2.15.so
b77d7000-b77d8000 r--p 0001f000 08:02 660701     /lib/i386-linux-gnu/ld-2.15.so
b77d8000-b77d9000 rw-p 00020000 08:02 660701     /lib/i386-linux-gnu/ld-2.15.so
bff55000-bff56000 rwxp 00000000 00:00 0 
bff88000-bffa9000 rw-p 00000000 00:00 0          [stack]

VM Arguments:
jvm_args: -Xmx1024M 
java_command: /root/Android/Sdk/build-tools/22.0.1/lib/dx.jar --dex --no-optimize --output /home/signity/Desktop/Drive_E/Pardeep/AndroidStudioProjects/GrocersApp/app/build/intermediates/dex/debug --input-list=/home/signity/Desktop/Drive_E/Pardeep/AndroidStudioProjects/GrocersApp/app/build/intermediates/tmp/dex/debug/inputList.txt
java_class_path (initial): /root/Android/Sdk/build-tools/22.0.1/lib/dx.jar
Launcher Type: SUN_STANDARD

Environment Variables:
PATH=/usr/local/sbin:/usr/local/bin:/usr/sbin:/usr/bin:/sbin:/bin
USERNAME=root
LD_LIBRARY_PATH=.:
SHELL=/bin/bash
DISPLAY=:0.0

Signal Handlers:
SIGSEGV: [libjvm.so+0x8c29a0], sa_mask[0]=11111111011111111101111111111110, sa_flags=SA_RESTART|SA_SIGINFO
SIGBUS: [libjvm.so+0x8c29a0], sa_mask[0]=11111111011111111101111111111110, sa_flags=SA_RESTART|SA_SIGINFO
SIGFPE: [libjvm.so+0x7432d0], sa_mask[0]=11111111011111111101111111111110, sa_flags=SA_RESTART|SA_SIGINFO
SIGPIPE: [libjvm.so+0x7432d0], sa_mask[0]=11111111011111111101111111111110, sa_flags=SA_RESTART|SA_SIGINFO
SIGXFSZ: [libjvm.so+0x7432d0], sa_mask[0]=11111111011111111101111111111110, sa_flags=SA_RESTART|SA_SIGINFO
SIGILL: [libjvm.so+0x7432d0], sa_mask[0]=11111111011111111101111111111110, sa_flags=SA_RESTART|SA_SIGINFO
SIGUSR1: SIG_DFL, sa_mask[0]=00000000000000000000000000000000, sa_flags=none
SIGUSR2: [libjvm.so+0x744860], sa_mask[0]=00100000000000000000000000000000, sa_flags=SA_RESTART|SA_SIGINFO
SIGHUP: [libjvm.so+0x745d10], sa_mask[0]=11111111011111111101111111111110, sa_flags=SA_RESTART|SA_SIGINFO
SIGINT: [libjvm.so+0x745d10], sa_mask[0]=11111111011111111101111111111110, sa_flags=SA_RESTART|SA_SIGINFO
SIGTERM: [libjvm.so+0x745d10], sa_mask[0]=11111111011111111101111111111110, sa_flags=SA_RESTART|SA_SIGINFO
SIGQUIT: [libjvm.so+0x745d10], sa_mask[0]=11111111011111111101111111111110, sa_flags=SA_RESTART|SA_SIGINFO


---------------  S Y S T E M  ---------------

OS:DISTRIB_ID=Ubuntu
DISTRIB_RELEASE=12.04
DISTRIB_CODENAME=precise
DISTRIB_DESCRIPTION="Ubuntu 12.04.5 LTS"

uname:Linux 3.8.0-29-generic #42~precise1-Ubuntu SMP Wed Aug 14 15:31:16 UTC 2013 i686
libc:glibc 2.15 NPTL 2.15 
rlimit: STACK 8192k, CORE 0k, NPROC 32183, NOFILE 4096, AS infinity
load average:1.63 1.59 1.36

/proc/meminfo:
MemTotal:        4135944 kB
MemFree:          217464 kB
Buffers:          459648 kB
Cached:           860996 kB
SwapCached:         4116 kB
Active:          2552324 kB
Inactive:        1179148 kB
Active(anon):    1917704 kB
Inactive(anon):   494440 kB
Active(file):     634620 kB
Inactive(file):   684708 kB
Unevictable:           0 kB
Mlocked:               0 kB
HighTotal:       3280520 kB
HighFree:          40772 kB
LowTotal:         855424 kB
LowFree:          176692 kB
SwapTotal:       1499132 kB
SwapFree:        1494280 kB
Dirty:              8276 kB
Writeback:             0 kB
AnonPages:       2406888 kB
Mapped:           213688 kB
Shmem:              1216 kB
Slab:             127672 kB
SReclaimable:      92552 kB
SUnreclaim:        35120 kB
KernelStack:        4728 kB
PageTables:        14856 kB
NFS_Unstable:          0 kB
Bounce:                0 kB
WritebackTmp:          0 kB
CommitLimit:     3567104 kB
Committed_AS:    5495996 kB
VmallocTotal:     122880 kB
VmallocUsed:       59596 kB
VmallocChunk:      51764 kB
HardwareCorrupted:     0 kB
AnonHugePages:         0 kB
HugePages_Total:       0
HugePages_Free:        0
HugePages_Rsvd:        0
HugePages_Surp:        0
Hugepagesize:       2048 kB
DirectMap4k:        8184 kB
DirectMap2M:      905216 kB


CPU:total 2 (2 cores per cpu, 1 threads per core) family 6 model 23 stepping 10, cmov, cx8, fxsr, mmx, sse, sse2, sse3, ssse3, tsc

/proc/cpuinfo:
processor	: 0
vendor_id	: GenuineIntel
cpu family	: 6
model		: 23
model name	: Pentium(R) Dual-Core  CPU      E5700  @ 3.00GHz
stepping	: 10
microcode	: 0xa07
cpu MHz		: 2992.925
cache size	: 2048 KB
physical id	: 0
siblings	: 2
core id		: 0
cpu cores	: 2
apicid		: 0
initial apicid	: 0
fdiv_bug	: no
hlt_bug		: no
f00f_bug	: no
coma_bug	: no
fpu		: yes
fpu_exception	: yes
cpuid level	: 13
wp		: yes
flags		: fpu vme de pse tsc msr pae mce cx8 apic sep mtrr pge mca cmov pat pse36 clflush dts acpi mmx fxsr sse sse2 ss ht tm pbe nx lm constant_tsc arch_perfmon pebs bts aperfmperf pni dtes64 monitor ds_cpl vmx est tm2 ssse3 cx16 xtpr pdcm xsave lahf_lm dtherm tpr_shadow vnmi flexpriority
bogomips	: 5985.85
clflush size	: 64
cache_alignment	: 64
address sizes	: 36 bits physical, 48 bits virtual
power management:

processor	: 1
vendor_id	: GenuineIntel
cpu family	: 6
model		: 23
model name	: Pentium(R) Dual-Core  CPU      E5700  @ 3.00GHz
stepping	: 10
microcode	: 0xa07
cpu MHz		: 2992.925
cache size	: 2048 KB
physical id	: 0
siblings	: 2
core id		: 1
cpu cores	: 2
apicid		: 1
initial apicid	: 1
fdiv_bug	: no
hlt_bug		: no
f00f_bug	: no
coma_bug	: no
fpu		: yes
fpu_exception	: yes
cpuid level	: 13
wp		: yes
flags		: fpu vme de pse tsc msr pae mce cx8 apic sep mtrr pge mca cmov pat pse36 clflush dts acpi mmx fxsr sse sse2 ss ht tm pbe nx lm constant_tsc arch_perfmon pebs bts aperfmperf pni dtes64 monitor ds_cpl vmx est tm2 ssse3 cx16 xtpr pdcm xsave lahf_lm dtherm tpr_shadow vnmi flexpriority
bogomips	: 5985.85
clflush size	: 64
cache_alignment	: 64
address sizes	: 36 bits physical, 48 bits virtual
power management:



Memory: 4k page, physical 4135944k(217464k free), swap 1499132k(1494280k free)

vm_info: Java HotSpot(TM) Server VM (25.45-b02) for linux-x86 JRE (1.8.0_45-b14), built on Apr 10 2015 10:38:30 by "java_re" with gcc 4.3.0 20080428 (Red Hat 4.3.0-8)

time: Wed Sep 16 10:34:40 2015
elapsed time: 2 seconds (0d 0h 0m 2s)

